00:00:06.654320 VirtualBox VM 6.0.10 r132072 win.amd64 (Jul 12 2019 09:34:54) release log
00:00:06.654325 Log opened 2019-09-16T15:48:11.987426000Z
00:00:06.654326 Build Type: release
00:00:06.654328 OS Product: Windows 10
00:00:06.654329 OS Release: 10.0.17763
00:00:06.654330 OS Service Pack: 
00:00:06.693811 DMI Product Name: MS-7971
00:00:06.697338 DMI Product Version: 1.0
00:00:06.697351 Host RAM: 16349MB (15.9GB) total, 11592MB (11.3GB) available
00:00:06.697354 Executable: C:\Program Files\Oracle\VirtualBox\VirtualBoxVM.exe
00:00:06.697354 Process ID: 2892
00:00:06.697355 Package type: WINDOWS_64BITS_GENERIC
00:00:06.698250 Installed Extension Packs:
00:00:06.698278   None installed!
00:00:06.698922 Console: Machine state changed to 'Starting'
00:00:06.699196 Qt version: 5.6.2
00:00:06.706919 GUI: UIMediumEnumerator: Medium-enumeration finished!
00:00:06.769695 SUP: Loaded VMMR0.r0 (C:\Program Files\Oracle\VirtualBox\VMMR0.r0) at 0xXXXXXXXXXXXXXXXX - ModuleInit at XXXXXXXXXXXXXXXX and ModuleTerm at XXXXXXXXXXXXXXXX using the native ring-0 loader
00:00:06.769711 SUP: VMMR0EntryEx located at XXXXXXXXXXXXXXXX and VMMR0EntryFast at XXXXXXXXXXXXXXXX
00:00:06.769715 SUP: windbg> .reload /f C:\Program Files\Oracle\VirtualBox\VMMR0.r0=0xXXXXXXXXXXXXXXXX
00:00:06.771504 Guest OS type: 'Ubuntu_64'
00:00:06.772293 fHMForced=true - Lots of RAM
00:00:06.772303 fHMForced=true - SMP
00:00:06.772307 fHMForced=true - 64-bit guest
00:00:06.774859 File system of 'C:\Users\arnau.tarrago\Desktop\ubuntu-18.04.3-desktop-amd64.iso' (DVD) is ntfs
00:00:06.776619 File system of 'C:\Users\arnau.tarrago\Documents\ReposGithub\Virtual Machines\LinuxUbuntu\Snapshots' (snapshots) is unknown
00:00:06.776628 File system of 'C:\Users\arnau.tarrago\Documents\ReposGithub\Virtual Machines\LinuxUbuntu\LinuxUbuntu.vdi' is ntfs
00:00:06.788539 Shared clipboard service loaded
00:00:06.788548 Shared clipboard mode: Off
00:00:06.796172 Drag and drop service loaded
00:00:06.796194 Drag and drop mode: Off
00:00:06.797623 ************************* CFGM dump *************************
00:00:06.797624 [/] (level 0)
00:00:06.797627   CSAMEnabled       <integer> = 0x0000000000000001 (1)
00:00:06.797629   CpuExecutionCap   <integer> = 0x0000000000000064 (100)
00:00:06.797630   EnablePAE         <integer> = 0x0000000000000001 (1)
00:00:06.797630   HMEnabled         <integer> = 0x0000000000000001 (1)
00:00:06.797631   MemBalloonSize    <integer> = 0x0000000000000000 (0)
00:00:06.797632   Name              <string>  = "LinuxUbuntu" (cb=12)
00:00:06.797633   NumCPUs           <integer> = 0x0000000000000004 (4)
00:00:06.797633   PATMEnabled       <integer> = 0x0000000000000001 (1)
00:00:06.797634   PageFusionAllowed <integer> = 0x0000000000000000 (0)
00:00:06.797634   RamHoleSize       <integer> = 0x0000000020000000 (536 870 912, 512 MB)
00:00:06.797636   RamSize           <integer> = 0x0000000100000000 (4 294 967 296, 4 096 MB, 4.0 GB)
00:00:06.797637   RawR0Enabled      <integer> = 0x0000000000000001 (1)
00:00:06.797638   RawR3Enabled      <integer> = 0x0000000000000001 (1)
00:00:06.797638   TimerMillies      <integer> = 0x000000000000000a (10)
00:00:06.797639   UUID              <bytes>   = "2b 6c 3d ec 19 85 73 4a b2 c6 b4 ca d5 84 01 9a" (cb=16)
00:00:06.797643 
00:00:06.797643 [/CPUM/] (level 1)
00:00:06.797644   GuestCpuName       <string>  = "host" (cb=5)
00:00:06.797645   NestedHWVirt       <integer> = 0x0000000000000000 (0)
00:00:06.797645   PortableCpuIdLevel <integer> = 0x0000000000000000 (0)
00:00:06.797646   SpecCtrl           <integer> = 0x0000000000000000 (0)
00:00:06.797646 
00:00:06.797647 [/CPUM/IsaExts/] (level 2)
00:00:06.797647 
00:00:06.797648 [/DBGC/] (level 1)
00:00:06.797648   GlobalInitScript <string>  = "C:\Users\arnau.tarrago\.VirtualBox/dbgc-init" (cb=45)
00:00:06.797649   HistoryFile      <string>  = "C:\Users\arnau.tarrago\.VirtualBox/dbgc-history" (cb=48)
00:00:06.797650   LocalInitScript  <string>  = "C:\Users\arnau.tarrago\Documents\ReposGithub\Virtual Machines\LinuxUbuntu/dbgc-init" (cb=84)
00:00:06.797650 
00:00:06.797651 [/DBGF/] (level 1)
00:00:06.797651   Path <string>  = "C:\Users\arnau.tarrago\Documents\ReposGithub\Virtual Machines\LinuxUbuntu/debug/;C:\Users\arnau.tarrago\Documents\ReposGithub\Virtual Machines\LinuxUbuntu/;C:\Users\arnau.tarrago\" (cb=180)
00:00:06.797652 
00:00:06.797652 [/Devices/] (level 1)
00:00:06.797652 
00:00:06.797653 [/Devices/8237A/] (level 2)
00:00:06.797653 
00:00:06.797653 [/Devices/8237A/0/] (level 3)
00:00:06.797654   Trusted <integer> = 0x0000000000000001 (1)
00:00:06.797655 
00:00:06.797655 [/Devices/GIMDev/] (level 2)
00:00:06.797656 
00:00:06.797656 [/Devices/GIMDev/0/] (level 3)
00:00:06.797657   Trusted <integer> = 0x0000000000000001 (1)
00:00:06.797657 
00:00:06.797657 [/Devices/VMMDev/] (level 2)
00:00:06.797658 
00:00:06.797658 [/Devices/VMMDev/0/] (level 3)
00:00:06.797659   PCIBusNo      <integer> = 0x0000000000000000 (0)
00:00:06.797660   PCIDeviceNo   <integer> = 0x0000000000000004 (4)
00:00:06.797660   PCIFunctionNo <integer> = 0x0000000000000000 (0)
00:00:06.797661   Trusted       <integer> = 0x0000000000000001 (1)
00:00:06.797661 
00:00:06.797661 [/Devices/VMMDev/0/Config/] (level 4)
00:00:06.797662   GuestCoreDumpDir <string>  = "C:\Users\arnau.tarrago\Documents\ReposGithub\Virtual Machines\LinuxUbuntu\Snapshots" (cb=84)
00:00:06.797663 
00:00:06.797663 [/Devices/VMMDev/0/LUN#0/] (level 4)
00:00:06.797664   Driver <string>  = "HGCM" (cb=5)
00:00:06.797664 
00:00:06.797665 [/Devices/VMMDev/0/LUN#0/Config/] (level 5)
00:00:06.797665   Object <integer> = 0x0000000004e76db0 (82 275 760)
00:00:06.797666 
00:00:06.797667 [/Devices/VMMDev/0/LUN#999/] (level 4)
00:00:06.797667   Driver <string>  = "MainStatus" (cb=11)
00:00:06.797668 
00:00:06.797668 [/Devices/VMMDev/0/LUN#999/Config/] (level 5)
00:00:06.797669   First   <integer> = 0x0000000000000000 (0)
00:00:06.797669   Last    <integer> = 0x0000000000000000 (0)
00:00:06.797670   papLeds <integer> = 0x00000000019575f8 (26 572 280)
00:00:06.797671 
00:00:06.797671 [/Devices/acpi/] (level 2)
00:00:06.797671 
00:00:06.797672 [/Devices/acpi/0/] (level 3)
00:00:06.797672   PCIBusNo      <integer> = 0x0000000000000000 (0)
00:00:06.797673   PCIDeviceNo   <integer> = 0x0000000000000007 (7)
00:00:06.797673   PCIFunctionNo <integer> = 0x0000000000000000 (0)
00:00:06.797674   Trusted       <integer> = 0x0000000000000001 (1)
00:00:06.797674 
00:00:06.797674 [/Devices/acpi/0/Config/] (level 4)
00:00:06.797675   CpuHotPlug          <integer> = 0x0000000000000000 (0)
00:00:06.797676   FdcEnabled          <integer> = 0x0000000000000000 (0)
00:00:06.797676   HostBusPciAddress   <integer> = 0x0000000000000000 (0)
00:00:06.797677   HpetEnabled         <integer> = 0x0000000000000000 (0)
00:00:06.797678   IOAPIC              <integer> = 0x0000000000000001 (1)
00:00:06.797678   IocPciAddress       <integer> = 0x0000000000010000 (65 536)
00:00:06.797679   NumCPUs             <integer> = 0x0000000000000004 (4)
00:00:06.797679   Parallel0IoPortBase <integer> = 0x0000000000000000 (0)
00:00:06.797680   Parallel0Irq        <integer> = 0x0000000000000000 (0)
00:00:06.797681   Parallel1IoPortBase <integer> = 0x0000000000000000 (0)
00:00:06.797681   Parallel1Irq        <integer> = 0x0000000000000000 (0)
00:00:06.797682   Serial0IoPortBase   <integer> = 0x0000000000000000 (0)
00:00:06.797682   Serial0Irq          <integer> = 0x0000000000000000 (0)
00:00:06.797683   Serial1IoPortBase   <integer> = 0x0000000000000000 (0)
00:00:06.797683   Serial1Irq          <integer> = 0x0000000000000000 (0)
00:00:06.797684   ShowCpu             <integer> = 0x0000000000000001 (1)
00:00:06.797684   ShowRtc             <integer> = 0x0000000000000000 (0)
00:00:06.797685   SmcEnabled          <integer> = 0x0000000000000000 (0)
00:00:06.797685 
00:00:06.797685 [/Devices/acpi/0/LUN#0/] (level 4)
00:00:06.797686   Driver <string>  = "ACPIHost" (cb=9)
00:00:06.797687 
00:00:06.797687 [/Devices/acpi/0/LUN#0/Config/] (level 5)
00:00:06.797688 
00:00:06.797688 [/Devices/acpi/0/LUN#1/] (level 4)
00:00:06.797688   Driver <string>  = "ACPICpu" (cb=8)
00:00:06.797689 
00:00:06.797689 [/Devices/acpi/0/LUN#1/Config/] (level 5)
00:00:06.797690 
00:00:06.797690 [/Devices/acpi/0/LUN#2/] (level 4)
00:00:06.797691   Driver <string>  = "ACPICpu" (cb=8)
00:00:06.797691 
00:00:06.797691 [/Devices/acpi/0/LUN#2/Config/] (level 5)
00:00:06.797692 
00:00:06.797692 [/Devices/acpi/0/LUN#3/] (level 4)
00:00:06.797693   Driver <string>  = "ACPICpu" (cb=8)
00:00:06.797693 
00:00:06.797693 [/Devices/acpi/0/LUN#3/Config/] (level 5)
00:00:06.797694 
00:00:06.797694 [/Devices/ahci/] (level 2)
00:00:06.797695 
00:00:06.797695 [/Devices/ahci/0/] (level 3)
00:00:06.797696   PCIBusNo      <integer> = 0x0000000000000000 (0)
00:00:06.797697   PCIDeviceNo   <integer> = 0x000000000000000d (13)
00:00:06.797697   PCIFunctionNo <integer> = 0x0000000000000000 (0)
00:00:06.797698   Trusted       <integer> = 0x0000000000000001 (1)
00:00:06.797698 
00:00:06.797698 [/Devices/ahci/0/Config/] (level 4)
00:00:06.797699   Bootable  <integer> = 0x0000000000000001 (1)
00:00:06.797700   PortCount <integer> = 0x0000000000000001 (1)
00:00:06.797700 
00:00:06.797700 [/Devices/ahci/0/Config/Port0/] (level 5)
00:00:06.797701   Hotpluggable <integer> = 0x0000000000000000 (0)
00:00:06.797702 
00:00:06.797702 [/Devices/ahci/0/LUN#0/] (level 4)
00:00:06.797702   Driver <string>  = "VD" (cb=3)
00:00:06.797703 
00:00:06.797703 [/Devices/ahci/0/LUN#0/Config/] (level 5)
00:00:06.797704   BlockCache <integer> = 0x0000000000000001 (1)
00:00:06.797705   Format     <string>  = "VDI" (cb=4)
00:00:06.797705   Mountable  <integer> = 0x0000000000000000 (0)
00:00:06.797706   Path       <string>  = "C:\Users\arnau.tarrago\Documents\ReposGithub\Virtual Machines\LinuxUbuntu\LinuxUbuntu.vdi" (cb=90)
00:00:06.797706   Type       <string>  = "HardDisk" (cb=9)
00:00:06.797707   UseNewIo   <integer> = 0x0000000000000001 (1)
00:00:06.797707 
00:00:06.797708 [/Devices/ahci/0/LUN#999/] (level 4)
00:00:06.797708   Driver <string>  = "MainStatus" (cb=11)
00:00:06.797709 
00:00:06.797709 [/Devices/ahci/0/LUN#999/Config/] (level 5)
00:00:06.797710   DeviceInstance        <string>  = "ahci/0" (cb=7)
00:00:06.797711   First                 <integer> = 0x0000000000000000 (0)
00:00:06.797711   Last                  <integer> = 0x0000000000000000 (0)
00:00:06.797712   pConsole              <integer> = 0x0000000001956df0 (26 570 224)
00:00:06.797713   papLeds               <integer> = 0x00000000019571f8 (26 571 256)
00:00:06.797713   pmapMediumAttachments <integer> = 0x0000000001957618 (26 572 312)
00:00:06.797714 
00:00:06.797714 [/Devices/apic/] (level 2)
00:00:06.797715 
00:00:06.797715 [/Devices/apic/0/] (level 3)
00:00:06.797716   Trusted <integer> = 0x0000000000000001 (1)
00:00:06.797717 
00:00:06.797717 [/Devices/apic/0/Config/] (level 4)
00:00:06.797718   IOAPIC  <integer> = 0x0000000000000001 (1)
00:00:06.797718   Mode    <integer> = 0x0000000000000003 (3)
00:00:06.797719   NumCPUs <integer> = 0x0000000000000004 (4)
00:00:06.797719 
00:00:06.797719 [/Devices/e1000/] (level 2)
00:00:06.797720 
00:00:06.797720 [/Devices/e1000/0/] (level 3)
00:00:06.797721   PCIBusNo      <integer> = 0x0000000000000000 (0)
00:00:06.797721   PCIDeviceNo   <integer> = 0x0000000000000003 (3)
00:00:06.797722   PCIFunctionNo <integer> = 0x0000000000000000 (0)
00:00:06.797722   Trusted       <integer> = 0x0000000000000001 (1)
00:00:06.797722 
00:00:06.797723 [/Devices/e1000/0/Config/] (level 4)
00:00:06.797723   AdapterType    <integer> = 0x0000000000000000 (0)
00:00:06.797724   CableConnected <integer> = 0x0000000000000001 (1)
00:00:06.797724   LineSpeed      <integer> = 0x0000000000000000 (0)
00:00:06.797725   MAC            <bytes>   = "08 00 27 3b 26 55" (cb=6)
00:00:06.797726 
00:00:06.797726 [/Devices/e1000/0/LUN#0/] (level 4)
00:00:06.797727   Driver <string>  = "NAT" (cb=4)
00:00:06.797727 
00:00:06.797728 [/Devices/e1000/0/LUN#0/Config/] (level 5)
00:00:06.797728   AliasMode       <integer> = 0x0000000000000000 (0)
00:00:06.797729   BootFile        <string>  = "LinuxUbuntu.pxe" (cb=16)
00:00:06.797729   DNSProxy        <integer> = 0x0000000000000000 (0)
00:00:06.797730   Network         <string>  = "10.0.2.0/24" (cb=12)
00:00:06.797731   PassDomain      <integer> = 0x0000000000000001 (1)
00:00:06.797731   TFTPPrefix      <string>  = "C:\Users\arnau.tarrago\.VirtualBox\TFTP" (cb=40)
00:00:06.797732   UseHostResolver <integer> = 0x0000000000000000 (0)
00:00:06.797732 
00:00:06.797732 [/Devices/e1000/0/LUN#999/] (level 4)
00:00:06.797733   Driver <string>  = "MainStatus" (cb=11)
00:00:06.797733 
00:00:06.797734 [/Devices/e1000/0/LUN#999/Config/] (level 5)
00:00:06.797734   First   <integer> = 0x0000000000000000 (0)
00:00:06.797735   Last    <integer> = 0x0000000000000000 (0)
00:00:06.797735   papLeds <integer> = 0x00000000019574d8 (26 571 992)
00:00:06.797736 
00:00:06.797736 [/Devices/i8254/] (level 2)
00:00:06.797737 
00:00:06.797737 [/Devices/i8254/0/] (level 3)
00:00:06.797738 
00:00:06.797738 [/Devices/i8254/0/Config/] (level 4)
00:00:06.797739 
00:00:06.797739 [/Devices/i8259/] (level 2)
00:00:06.797740 
00:00:06.797740 [/Devices/i8259/0/] (level 3)
00:00:06.797741   Trusted <integer> = 0x0000000000000001 (1)
00:00:06.797741 
00:00:06.797741 [/Devices/i8259/0/Config/] (level 4)
00:00:06.797742 
00:00:06.797742 [/Devices/ichac97/] (level 2)
00:00:06.797743 
00:00:06.797743 [/Devices/ichac97/0/] (level 3)
00:00:06.797744   PCIBusNo      <integer> = 0x0000000000000000 (0)
00:00:06.797744   PCIDeviceNo   <integer> = 0x0000000000000005 (5)
00:00:06.797745   PCIFunctionNo <integer> = 0x0000000000000000 (0)
00:00:06.797745   Trusted       <integer> = 0x0000000000000001 (1)
00:00:06.797745 
00:00:06.797746 [/Devices/ichac97/0/AudioConfig/] (level 4)
00:00:06.797747 
00:00:06.797747 [/Devices/ichac97/0/Config/] (level 4)
00:00:06.797747   Codec        <string>  = "AD1980" (cb=7)
00:00:06.797748   DebugEnabled <integer> = 0x0000000000000000 (0)
00:00:06.797748   DebugPathOut <string>  = "" (cb=1)
00:00:06.797749 
00:00:06.797749 [/Devices/ichac97/0/LUN#0/] (level 4)
00:00:06.797750   Driver <string>  = "AUDIO" (cb=6)
00:00:06.797750 
00:00:06.797750 [/Devices/ichac97/0/LUN#0/AttachedDriver/] (level 5)
00:00:06.797751   Driver <string>  = "DSoundAudio" (cb=12)
00:00:06.797752 
00:00:06.797752 [/Devices/ichac97/0/LUN#0/AttachedDriver/Config/] (level 6)
00:00:06.797753   StreamName <string>  = "LinuxUbuntu" (cb=12)
00:00:06.797753 
00:00:06.797753 [/Devices/ichac97/0/LUN#0/Config/] (level 5)
00:00:06.797754   BufferSizeMs    <integer> = 0x0000000000000000 (0)
00:00:06.797755   DriverName      <string>  = "DSoundAudio" (cb=12)
00:00:06.797755   InputEnabled    <integer> = 0x0000000000000000 (0)
00:00:06.797756   OutputEnabled   <integer> = 0x0000000000000001 (1)
00:00:06.797756   PeriodSizeMs    <integer> = 0x0000000000000000 (0)
00:00:06.797757   PreBufferSizeMs <integer> = 0x00000000ffffffff (4 294 967 295)
00:00:06.797758 
00:00:06.797758 [/Devices/ichac97/0/LUN#1/] (level 4)
00:00:06.797759   Driver <string>  = "AUDIO" (cb=6)
00:00:06.797759 
00:00:06.797759 [/Devices/ichac97/0/LUN#2/] (level 4)
00:00:06.797760   Driver <string>  = "AUDIO" (cb=6)
00:00:06.797760 
00:00:06.797760 [/Devices/ioapic/] (level 2)
00:00:06.797761 
00:00:06.797761 [/Devices/ioapic/0/] (level 3)
00:00:06.797762   Trusted <integer> = 0x0000000000000001 (1)
00:00:06.797762 
00:00:06.797762 [/Devices/ioapic/0/Config/] (level 4)
00:00:06.797763   NumCPUs <integer> = 0x0000000000000004 (4)
00:00:06.797764 
00:00:06.797764 [/Devices/mc146818/] (level 2)
00:00:06.797764 
00:00:06.797765 [/Devices/mc146818/0/] (level 3)
00:00:06.797765 
00:00:06.797765 [/Devices/mc146818/0/Config/] (level 4)
00:00:06.797766   UseUTC <integer> = 0x0000000000000001 (1)
00:00:06.797767 
00:00:06.797767 [/Devices/parallel/] (level 2)
00:00:06.797767 
00:00:06.797767 [/Devices/pcarch/] (level 2)
00:00:06.797768 
00:00:06.797769 [/Devices/pcarch/0/] (level 3)
00:00:06.797769   Trusted <integer> = 0x0000000000000001 (1)
00:00:06.797770 
00:00:06.797770 [/Devices/pcarch/0/Config/] (level 4)
00:00:06.797771 
00:00:06.797771 [/Devices/pcbios/] (level 2)
00:00:06.797771 
00:00:06.797771 [/Devices/pcbios/0/] (level 3)
00:00:06.797772   Trusted <integer> = 0x0000000000000001 (1)
00:00:06.797772 
00:00:06.797773 [/Devices/pcbios/0/Config/] (level 4)
00:00:06.797774   APIC               <integer> = 0x0000000000000001 (1)
00:00:06.797774   BootDevice0        <string>  = "FLOPPY" (cb=7)
00:00:06.797775   BootDevice1        <string>  = "DVD" (cb=4)
00:00:06.797775   BootDevice2        <string>  = "IDE" (cb=4)
00:00:06.797776   BootDevice3        <string>  = "NONE" (cb=5)
00:00:06.797776   FloppyDevice       <string>  = "i82078" (cb=7)
00:00:06.797777   HardDiskDevice     <string>  = "piix3ide" (cb=9)
00:00:06.797777   IOAPIC             <integer> = 0x0000000000000001 (1)
00:00:06.797778   McfgBase           <integer> = 0x0000000000000000 (0)
00:00:06.797778   McfgLength         <integer> = 0x0000000000000000 (0)
00:00:06.797779   NumCPUs            <integer> = 0x0000000000000004 (4)
00:00:06.797779   PXEDebug           <integer> = 0x0000000000000000 (0)
00:00:06.797780   SataHardDiskDevice <string>  = "ahci" (cb=5)
00:00:06.797781   SataLUN1           <integer> = 0x0000000000000000 (0)
00:00:06.797781   UUID               <bytes>   = "2b 6c 3d ec 19 85 73 4a b2 c6 b4 ca d5 84 01 9a" (cb=16)
00:00:06.797782 
00:00:06.797783 [/Devices/pcbios/0/Config/NetBoot/] (level 5)
00:00:06.797783 
00:00:06.797784 [/Devices/pcbios/0/Config/NetBoot/0/] (level 6)
00:00:06.797785   NIC           <integer> = 0x0000000000000000 (0)
00:00:06.797785   PCIBusNo      <integer> = 0x0000000000000000 (0)
00:00:06.797786   PCIDeviceNo   <integer> = 0x0000000000000003 (3)
00:00:06.797786   PCIFunctionNo <integer> = 0x0000000000000000 (0)
00:00:06.797787 
00:00:06.797787 [/Devices/pci/] (level 2)
00:00:06.797787 
00:00:06.797788 [/Devices/pci/0/] (level 3)
00:00:06.797788   Trusted <integer> = 0x0000000000000001 (1)
00:00:06.797789 
00:00:06.797789 [/Devices/pci/0/Config/] (level 4)
00:00:06.797790   IOAPIC <integer> = 0x0000000000000001 (1)
00:00:06.797790 
00:00:06.797790 [/Devices/pcibridge/] (level 2)
00:00:06.797791 
00:00:06.797791 [/Devices/pckbd/] (level 2)
00:00:06.797792 
00:00:06.797792 [/Devices/pckbd/0/] (level 3)
00:00:06.797793   Trusted <integer> = 0x0000000000000001 (1)
00:00:06.797793 
00:00:06.797793 [/Devices/pckbd/0/Config/] (level 4)
00:00:06.797794 
00:00:06.797794 [/Devices/pckbd/0/LUN#0/] (level 4)
00:00:06.797795   Driver <string>  = "KeyboardQueue" (cb=14)
00:00:06.797796 
00:00:06.797796 [/Devices/pckbd/0/LUN#0/AttachedDriver/] (level 5)
00:00:06.797797   Driver <string>  = "MainKeyboard" (cb=13)
00:00:06.797797 
00:00:06.797797 [/Devices/pckbd/0/LUN#0/AttachedDriver/Config/] (level 6)
00:00:06.797798   Object <integer> = 0x00000000017fde70 (25 157 232)
00:00:06.797799 
00:00:06.797799 [/Devices/pckbd/0/LUN#0/Config/] (level 5)
00:00:06.797800   QueueSize <integer> = 0x0000000000000040 (64)
00:00:06.797801 
00:00:06.797801 [/Devices/pckbd/0/LUN#1/] (level 4)
00:00:06.797802   Driver <string>  = "MouseQueue" (cb=11)
00:00:06.797802 
00:00:06.797802 [/Devices/pckbd/0/LUN#1/AttachedDriver/] (level 5)
00:00:06.797803   Driver <string>  = "MainMouse" (cb=10)
00:00:06.797803 
00:00:06.797804 [/Devices/pckbd/0/LUN#1/AttachedDriver/Config/] (level 6)
00:00:06.797804   Object <integer> = 0x00000000018c4eb0 (25 972 400)
00:00:06.797805 
00:00:06.797805 [/Devices/pckbd/0/LUN#1/Config/] (level 5)
00:00:06.797806   QueueSize <integer> = 0x0000000000000080 (128)
00:00:06.797807 
00:00:06.797807 [/Devices/pcnet/] (level 2)
00:00:06.797807 
00:00:06.797808 [/Devices/piix3ide/] (level 2)
00:00:06.797808 
00:00:06.797808 [/Devices/piix3ide/0/] (level 3)
00:00:06.797809   PCIBusNo      <integer> = 0x0000000000000000 (0)
00:00:06.797810   PCIDeviceNo   <integer> = 0x0000000000000001 (1)
00:00:06.797810   PCIFunctionNo <integer> = 0x0000000000000001 (1)
00:00:06.797811   Trusted       <integer> = 0x0000000000000001 (1)
00:00:06.797811 
00:00:06.797811 [/Devices/piix3ide/0/Config/] (level 4)
00:00:06.797812   Type <string>  = "PIIX4" (cb=6)
00:00:06.797812 
00:00:06.797813 [/Devices/piix3ide/0/LUN#2/] (level 4)
00:00:06.797813   Driver <string>  = "VD" (cb=3)
00:00:06.797814 
00:00:06.797814 [/Devices/piix3ide/0/LUN#2/Config/] (level 5)
00:00:06.797815   Format    <string>  = "RAW" (cb=4)
00:00:06.797815   Mountable <integer> = 0x0000000000000001 (1)
00:00:06.797816   Path      <string>  = "C:\Users\arnau.tarrago\Desktop\ubuntu-18.04.3-desktop-amd64.iso" (cb=64)
00:00:06.797816   ReadOnly  <integer> = 0x0000000000000001 (1)
00:00:06.797817   Type      <string>  = "DVD" (cb=4)
00:00:06.797817 
00:00:06.797817 [/Devices/piix3ide/0/LUN#999/] (level 4)
00:00:06.797818   Driver <string>  = "MainStatus" (cb=11)
00:00:06.797818 
00:00:06.797819 [/Devices/piix3ide/0/LUN#999/Config/] (level 5)
00:00:06.797819   DeviceInstance        <string>  = "piix3ide/0" (cb=11)
00:00:06.797820   First                 <integer> = 0x0000000000000000 (0)
00:00:06.797821   Last                  <integer> = 0x0000000000000003 (3)
00:00:06.797821   pConsole              <integer> = 0x0000000001956df0 (26 570 224)
00:00:06.797822   papLeds               <integer> = 0x00000000019571d8 (26 571 224)
00:00:06.797823   pmapMediumAttachments <integer> = 0x0000000001957618 (26 572 312)
00:00:06.797824 
00:00:06.797824 [/Devices/serial/] (level 2)
00:00:06.797824 
00:00:06.797824 [/Devices/usb-ohci/] (level 2)
00:00:06.797825 
00:00:06.797825 [/Devices/usb-ohci/0/] (level 3)
00:00:06.797826   PCIBusNo      <integer> = 0x0000000000000000 (0)
00:00:06.797826   PCIDeviceNo   <integer> = 0x0000000000000006 (6)
00:00:06.797827   PCIFunctionNo <integer> = 0x0000000000000000 (0)
00:00:06.797827   Trusted       <integer> = 0x0000000000000001 (1)
00:00:06.797828 
00:00:06.797828 [/Devices/usb-ohci/0/Config/] (level 4)
00:00:06.797829 
00:00:06.797829 [/Devices/usb-ohci/0/LUN#0/] (level 4)
00:00:06.797830   Driver <string>  = "VUSBRootHub" (cb=12)
00:00:06.797830 
00:00:06.797830 [/Devices/usb-ohci/0/LUN#0/Config/] (level 5)
00:00:06.797831 
00:00:06.797831 [/Devices/usb-ohci/0/LUN#999/] (level 4)
00:00:06.797832   Driver <string>  = "MainStatus" (cb=11)
00:00:06.797832 
00:00:06.797833 [/Devices/usb-ohci/0/LUN#999/Config/] (level 5)
00:00:06.797833   First   <integer> = 0x0000000000000000 (0)
00:00:06.797834   Last    <integer> = 0x0000000000000000 (0)
00:00:06.797834   papLeds <integer> = 0x0000000001957600 (26 572 288)
00:00:06.797835 
00:00:06.797835 [/Devices/vga/] (level 2)
00:00:06.797836 
00:00:06.797836 [/Devices/vga/0/] (level 3)
00:00:06.797836   PCIBusNo      <integer> = 0x0000000000000000 (0)
00:00:06.797837   PCIDeviceNo   <integer> = 0x0000000000000002 (2)
00:00:06.797837   PCIFunctionNo <integer> = 0x0000000000000000 (0)
00:00:06.797838   Trusted       <integer> = 0x0000000000000001 (1)
00:00:06.797838 
00:00:06.797839 [/Devices/vga/0/Config/] (level 4)
00:00:06.797839   3DEnabled          <integer> = 0x0000000000000001 (1)
00:00:06.797840   CustomVideoModes   <integer> = 0x0000000000000000 (0)
00:00:06.797840   FadeIn             <integer> = 0x0000000000000001 (1)
00:00:06.797841   FadeOut            <integer> = 0x0000000000000001 (1)
00:00:06.797841   HeightReduction    <integer> = 0x0000000000000000 (0)
00:00:06.797842   LogoFile           <string>  = "" (cb=1)
00:00:06.797842   LogoTime           <integer> = 0x0000000000000000 (0)
00:00:06.797843   MonitorCount       <integer> = 0x0000000000000001 (1)
00:00:06.797843   ShowBootMenu       <integer> = 0x0000000000000002 (2)
00:00:06.797844   VMSVGA3dEnabled    <integer> = 0x0000000000000001 (1)
00:00:06.797844   VMSVGAEnabled      <integer> = 0x0000000000000001 (1)
00:00:06.797845   VMSVGAPciBarLayout <integer> = 0x0000000000000001 (1)
00:00:06.797845   VMSVGAPciId        <integer> = 0x0000000000000001 (1)
00:00:06.797846   VRamSize           <integer> = 0x0000000008000000 (134 217 728, 128 MB)
00:00:06.797847 
00:00:06.797847 [/Devices/vga/0/LUN#0/] (level 4)
00:00:06.797848   Driver <string>  = "MainDisplay" (cb=12)
00:00:06.797848 
00:00:06.797849 [/Devices/vga/0/LUN#0/Config/] (level 5)
00:00:06.797849   Object <integer> = 0x00000000018c5680 (25 974 400)
00:00:06.797850 
00:00:06.797850 [/Devices/vga/0/LUN#999/] (level 4)
00:00:06.797851   Driver <string>  = "MainStatus" (cb=11)
00:00:06.797851 
00:00:06.797851 [/Devices/vga/0/LUN#999/Config/] (level 5)
00:00:06.797852   First   <integer> = 0x0000000000000000 (0)
00:00:06.797853   Last    <integer> = 0x0000000000000000 (0)
00:00:06.797853   papLeds <integer> = 0x0000000001957610 (26 572 304)
00:00:06.797854 
00:00:06.797854 [/Devices/virtio-net/] (level 2)
00:00:06.797855 
00:00:06.797855 [/EM/] (level 1)
00:00:06.797856   TripleFaultReset <integer> = 0x0000000000000000 (0)
00:00:06.797856 
00:00:06.797856 [/GIM/] (level 1)
00:00:06.797857   Provider <string>  = "KVM" (cb=4)
00:00:06.797857 
00:00:06.797857 [/HM/] (level 1)
00:00:06.797858   64bitEnabled            <integer> = 0x0000000000000001 (1)
00:00:06.797859   EnableLargePages        <integer> = 0x0000000000000001 (1)
00:00:06.797860   EnableNestedPaging      <integer> = 0x0000000000000001 (1)
00:00:06.797860   EnableUX                <integer> = 0x0000000000000001 (1)
00:00:06.797861   EnableVPID              <integer> = 0x0000000000000001 (1)
00:00:06.797861   Exclusive               <integer> = 0x0000000000000000 (0)
00:00:06.797862   HMForced                <integer> = 0x0000000000000001 (1)
00:00:06.797862   IBPBOnVMEntry           <integer> = 0x0000000000000000 (0)
00:00:06.797863   IBPBOnVMExit            <integer> = 0x0000000000000000 (0)
00:00:06.797863   L1DFlushOnSched         <integer> = 0x0000000000000001 (1)
00:00:06.797864   L1DFlushOnVMEntry       <integer> = 0x0000000000000000 (0)
00:00:06.797864   LovelyMesaDrvWorkaround <integer> = 0x0000000000000001 (1)
00:00:06.797865   MDSClearOnSched         <integer> = 0x0000000000000001 (1)
00:00:06.797865   MDSClearOnVMEntry       <integer> = 0x0000000000000000 (0)
00:00:06.797866   SpecCtrlByHost          <integer> = 0x0000000000000000 (0)
00:00:06.797867   UseNEMInstead           <integer> = 0x0000000000000000 (0)
00:00:06.797867 
00:00:06.797867 [/MM/] (level 1)
00:00:06.797868   CanUseLargerHeap <integer> = 0x0000000000000000 (0)
00:00:06.797868 
00:00:06.797868 [/NEM/] (level 1)
00:00:06.797869   Allow64BitGuests <integer> = 0x0000000000000001 (1)
00:00:06.797869 
00:00:06.797870 [/PDM/] (level 1)
00:00:06.797870 
00:00:06.797870 [/PDM/AsyncCompletion/] (level 2)
00:00:06.797871 
00:00:06.797871 [/PDM/AsyncCompletion/File/] (level 3)
00:00:06.797872 
00:00:06.797872 [/PDM/AsyncCompletion/File/BwGroups/] (level 4)
00:00:06.797873 
00:00:06.797873 [/PDM/BlkCache/] (level 2)
00:00:06.797874   CacheSize <integer> = 0x0000000000500000 (5 242 880, 5 MB)
00:00:06.797875 
00:00:06.797875 [/PDM/Devices/] (level 2)
00:00:06.797875 
00:00:06.797876 [/PDM/Drivers/] (level 2)
00:00:06.797876 
00:00:06.797876 [/PDM/Drivers/VBoxC/] (level 3)
00:00:06.797877   Path <string>  = "VBoxC" (cb=6)
00:00:06.797877 
00:00:06.797877 [/PDM/NetworkShaper/] (level 2)
00:00:06.797878 
00:00:06.797878 [/PDM/NetworkShaper/BwGroups/] (level 3)
00:00:06.797879 
00:00:06.797879 [/TM/] (level 1)
00:00:06.797880   UTCOffset <integer> = 0x0000000000000000 (0)
00:00:06.797880 
00:00:06.797880 [/USB/] (level 1)
00:00:06.797881 
00:00:06.797881 [/USB/HidMouse/] (level 2)
00:00:06.797882 
00:00:06.797882 [/USB/HidMouse/0/] (level 3)
00:00:06.797882 
00:00:06.797883 [/USB/HidMouse/0/Config/] (level 4)
00:00:06.797883   Mode <string>  = "absolute" (cb=9)
00:00:06.797884 
00:00:06.797884 [/USB/HidMouse/0/LUN#0/] (level 4)
00:00:06.797885   Driver <string>  = "MouseQueue" (cb=11)
00:00:06.797885 
00:00:06.797885 [/USB/HidMouse/0/LUN#0/AttachedDriver/] (level 5)
00:00:06.797886   Driver <string>  = "MainMouse" (cb=10)
00:00:06.797887 
00:00:06.797887 [/USB/HidMouse/0/LUN#0/AttachedDriver/Config/] (level 6)
00:00:06.797888   Object <integer> = 0x00000000018c4eb0 (25 972 400)
00:00:06.797888 
00:00:06.797889 [/USB/HidMouse/0/LUN#0/Config/] (level 5)
00:00:06.797889   QueueSize <integer> = 0x0000000000000080 (128)
00:00:06.797890 
00:00:06.797890 [/USB/USBProxy/] (level 2)
00:00:06.797891 
00:00:06.797891 [/USB/USBProxy/GlobalConfig/] (level 3)
00:00:06.797892 
00:00:06.797892 ********************* End of CFGM dump **********************
00:00:06.797898 VM: fHMEnabled=true  (configured) fRecompileUser=false fRecompileSupervisor=false
00:00:06.797900 VM: fRawRing1Enabled=false CSAM=true  PATM=true 
00:00:06.798370 HM: HMR3Init: Attempting fall back to NEM: VT-x is not available
00:00:06.818429 NEM: WHvCapabilityCodeHypervisorPresent is TRUE, so this might work...
00:00:06.818438 NEM: WHvCapabilityCodeExtendedVmExits      = 0x0000000000000007
00:00:06.818443 NEM:                       fExtendedMsrExit: 1
00:00:06.818447 NEM:                     fExtendedCpuIdExit: 1
00:00:06.818451 NEM:                      fExtendedXcptExit: 1
00:00:06.818454 NEM: Warning! Unknown feature definitions: 0x1f
00:00:06.818487 NEM: Supported exception exit bitmap: 0x1
00:00:06.818531 NEM: WHvCapabilityCodeProcessorVendor      = 1 - Intel
00:00:06.818549 NEM: WHvCapabilityCodeProcessorFeatures    = 0x000178ffe7f7859f
00:00:06.818554 NEM:                            Sse3Support: 1
00:00:06.818557 NEM:                        LahfSahfSupport: 1
00:00:06.818561 NEM:                           Ssse3Support: 1
00:00:06.818564 NEM:                          Sse4_1Support: 1
00:00:06.818570 NEM:                          Sse4_2Support: 1
00:00:06.818574 NEM:                           Sse4aSupport: 0
00:00:06.818577 NEM:                             XopSupport: 0
00:00:06.818580 NEM:                          PopCntSupport: 1
00:00:06.818584 NEM:                      Cmpxchg16bSupport: 1
00:00:06.818587 NEM:                       Altmovcr8Support: 0
00:00:06.818608 NEM:                           LzcntSupport: 1
00:00:06.818611 NEM:                     MisAlignSseSupport: 0
00:00:06.818627 NEM:                          MmxExtSupport: 0
00:00:06.818631 NEM:                        Amd3DNowSupport: 0
00:00:06.818634 NEM:                ExtendedAmd3DNowSupport: 0
00:00:06.818638 NEM:                         Page1GbSupport: 1
00:00:06.818641 NEM:                             AesSupport: 1
00:00:06.818644 NEM:                       PclmulqdqSupport: 1
00:00:06.818648 NEM:                            PcidSupport: 1
00:00:06.818663 NEM:                            Fma4Support: 0
00:00:06.818666 NEM:                            F16CSupport: 1
00:00:06.818670 NEM:                          RdRandSupport: 1
00:00:06.818673 NEM:                        RdWrFsGsSupport: 1
00:00:06.818676 NEM:                            SmepSupport: 1
00:00:06.818679 NEM:              EnhancedFastStringSupport: 1
00:00:06.818682 NEM:                            Bmi1Support: 1
00:00:06.818686 NEM:                            Bmi2Support: 1
00:00:06.818689 NEM:                           MovbeSupport: 1
00:00:06.818692 NEM:                          Npiep1Support: 1
00:00:06.818695 NEM:                   DepX87FPUSaveSupport: 1
00:00:06.818699 NEM:                          RdSeedSupport: 1
00:00:06.818702 NEM:                             AdxSupport: 1
00:00:06.818705 NEM:                   IntelPrefetchSupport: 1
00:00:06.818708 NEM:                            SmapSupport: 1
00:00:06.818711 NEM:                             HleSupport: 1
00:00:06.818715 NEM:                             RtmSupport: 1
00:00:06.818718 NEM:                          RdtscpSupport: 1
00:00:06.818721 NEM:                      ClflushoptSupport: 1
00:00:06.818724 NEM:                            ClwbSupport: 0
00:00:06.818728 NEM:                             ShaSupport: 0
00:00:06.818731 NEM:                X87PointersSavedSupport: 0
00:00:06.818734 NEM: Warning! Unknown CPU features: 0x178ffe7f7859f
00:00:06.818752 NEM: WHvCapabilityCodeProcessorClFlushSize = 2^8
00:00:06.819348 NEM: Warning! Unknown capability 0x1003 returning: 3f 38 00 00 00 00 00 00
00:00:06.819999 NEM: VidGetHvPartitionId            -> fun:0x2210a7 in:0x0 out:0x8
00:00:06.820007 NEM: VidStartVirtualProcessor       -> fun:0x22116c in:0x4 out:0x0
00:00:06.820011 NEM: VidStopVirtualProcessor        -> fun:0x221178 in:0x4 out:0x0
00:00:06.820017 NEM: VidMessageSlotHandleAndGetNext -> fun:0x2210d7 in:0x8 out:0x0
00:00:06.820084 NEM: Created partition 0000000009e354f0.
00:00:06.820091 NEM: Adjusting APIC configuration from X2APIC to APIC max mode.  X2APIC is not supported by the WinHvPlatform API!
00:00:06.820094 NEM: Disable Hyper-V if you need X2APIC for your guests!
00:00:06.820366 NEM: NEMR3Init: Active.
00:00:06.820408 MM: cbHyperHeap=0x140000 (1310720)
00:00:06.821853 CPUM: No hardware-virtualization capability detected
00:00:06.824942 CPUM: fXStateHostMask=0x7; initial: 0x7; host XCR0=0x1f
00:00:06.829790 CPUM: Matched host CPU INTEL 0x6/0x5e/0x3 Intel_Core7_Skylake with CPU DB entry 'Intel Core i7-6700K' (INTEL 0x6/0x5e/0x3 Intel_Core7_Skylake)
00:00:06.829860 CPUM: MXCSR_MASK=0xffff (host: 0xffff)
00:00:06.829878 CPUM: Microcode revision 0x000000C6
00:00:06.829892 CPUM: MSR/CPUID reconciliation insert: 0x0000010b IA32_FLUSH_CMD
00:00:06.829898 CPUM: MSR/CPUID reconciliation insert: 0x0000010a IA32_ARCH_CAPABILITIES
00:00:06.829914 CPUM: SetGuestCpuIdFeature: Enabled PAE
00:00:06.829920 CPUM: SetGuestCpuIdFeature: Enabled SYSENTER/EXIT
00:00:06.829924 CPUM: SetGuestCpuIdFeature: Enabled SYSCALL/RET
00:00:06.829927 CPUM: SetGuestCpuIdFeature: Enabled PAE
00:00:06.829930 CPUM: SetGuestCpuIdFeature: Enabled LONG MODE
00:00:06.829933 CPUM: SetGuestCpuIdFeature: Enabled LAHF/SAHF
00:00:06.829936 CPUM: SetGuestCpuIdFeature: Enabled NX
00:00:06.831714 NEM: Successfully set up partition (device handle 0000000000000d9c, partition ID 0x6)
00:00:06.831729 NEM: Memory balance: 0x15e out of 0xa2 pages in use
00:00:06.832710 PGM: HCPhysInterPD=000000008efe9000 HCPhysInterPaePDPT=000000008efec000 HCPhysInterPaePML4=000000008efee000
00:00:06.832720 PGM: apInterPTs={000000008efea000,000000008efeb000} apInterPaePTs={00000003c3989000,000000032a18a000} apInterPaePDs={000000024cf8b000,000000031b78c000,00000003c158d000,00000002a398e000} pInterPaePDPT64=000000008efed000
00:00:06.832740 PGM: Host paging mode: AMD64+NX
00:00:06.832749 PGM: PGMPool: cMaxPages=2096 (u64MaxPages=2084)
00:00:06.832753 PGM: pgmR3PoolInit: cMaxPages=0x830 cMaxUsers=0x1060 cMaxPhysExts=0x1060 fCacheEnable=true 
00:00:06.860031 TM: GIP - u32Mode=3 (Invariant) u32UpdateHz=93 u32UpdateIntervalNS=10741500 enmUseTscDelta=2 (Practically Zero) fGetGipCpu=0xb cCpus=4
00:00:06.860050 TM: GIP - u64CpuHz=3 191 998 533 (0xbe420845)  SUPGetCpuHzFromGip => 3 191 998 533
00:00:06.860055 TM: GIP - CPU: iCpuSet=0x0 idCpu=0x0 idApic=0x0 iGipCpu=0x3 i64TSCDelta=0 enmState=3 u64CpuHz=3191998182(*) cErrors=0
00:00:06.860060 TM: GIP - CPU: iCpuSet=0x1 idCpu=0x1 idApic=0x2 iGipCpu=0x1 i64TSCDelta=0 enmState=3 u64CpuHz=3191987409(*) cErrors=0
00:00:06.860064 TM: GIP - CPU: iCpuSet=0x2 idCpu=0x2 idApic=0x4 iGipCpu=0x0 i64TSCDelta=0 enmState=3 u64CpuHz=3191998533(*) cErrors=0
00:00:06.860068 TM: GIP - CPU: iCpuSet=0x3 idCpu=0x3 idApic=0x6 iGipCpu=0x2 i64TSCDelta=0 enmState=3 u64CpuHz=3191996142(*) cErrors=0
00:00:06.860106 TM: NEM overrides the /TM/TSCModeSwitchAllowed setting.
00:00:06.860119 TM: cTSCTicksPerSecond=3 191 998 533 (0xbe420845) enmTSCMode=4 (NativeApi)
00:00:06.860120 TM: TSCTiedToExecution=false TSCNotTiedToHalt=false
00:00:06.860714 VMM: CoreCode: R3=0000000006e50000 R0=XXXXXXXXXXXXXXXX RC=a102a000 Phys=000000008efd1000 cb=0x1000
00:00:06.861145 EMR3Init: fRecompileUser=false fRecompileSupervisor=false fRawRing1Enabled=false fIemExecutesAll=false fGuruOnTripleFault=true 
00:00:06.861991 IEM: TargetCpu=CURRENT, Microarch=Intel_Core7_Skylake
00:00:06.862175 GIM: Using provider 'KVM' (Implementation version: 0)
00:00:06.862182 CPUM: SetGuestCpuIdFeature: Enabled Hypervisor Present bit
00:00:06.862275 AIOMgr: Default manager type is 'Async'
00:00:06.862282 AIOMgr: Default file backend is 'NonBuffered'
00:00:06.862515 BlkCache: Cache successfully initialized. Cache size is 5242880 bytes
00:00:06.862522 BlkCache: Cache commit interval is 10000 ms
00:00:06.862526 BlkCache: Cache commit threshold is 2621440 bytes
00:00:06.986063 PcBios: [SMP] BIOS with 4 CPUs
00:00:06.986090 PcBios: Using the 386+ BIOS image.
00:00:06.988522 PcBios: MPS table at 000e1300
00:00:06.988870 PcBios: fCheckShutdownStatusForSoftReset=true   fClearShutdownStatusOnHardReset=true 
00:00:06.997801 SUP: Loaded VBoxDDR0.r0 (C:\Program Files\Oracle\VirtualBox\VBoxDDR0.r0) at 0xXXXXXXXXXXXXXXXX - ModuleInit at XXXXXXXXXXXXXXXX and ModuleTerm at XXXXXXXXXXXXXXXX using the native ring-0 loader
00:00:06.997813 SUP: windbg> .reload /f C:\Program Files\Oracle\VirtualBox\VBoxDDR0.r0=0xXXXXXXXXXXXXXXXX
00:00:06.998075 CPUM: SetGuestCpuIdFeature: Enabled xAPIC
00:00:06.998554 IOAPIC: Using implementation 2.0! Chipset type ICH9
00:00:06.998616 PIT: mode=3 count=0x10000 (65536) - 18.20 Hz (ch=0)
00:00:07.010725 Shared Folders service loaded
00:00:07.018223 Guest Control service loaded
00:00:07.052898 VGA: Using the 386+ BIOS image.
00:00:07.055261 DrvVD: Flushes will be ignored
00:00:07.055271 DrvVD: Async flushes will be passed to the disk
00:00:07.057706 VD: VDInit finished with VINF_SUCCESS
00:00:07.058832 AIOMgr: Endpoint for file 'C:\Users\arnau.tarrago\Documents\ReposGithub\Virtual Machines\LinuxUbuntu\LinuxUbuntu.vdi' (flags 000c0723) created successfully
00:00:07.061005 VD: Opening the disk took 3605908 ns
00:00:07.061081 AHCI: LUN#0: disk, PCHS=16383/16/63, total number of sectors 41943040
00:00:07.061313 AHCI#0: Reset the HBA
00:00:07.061322 VD#0: Cancelling all active requests
00:00:07.061564 PIIX3 ATA: LUN#0: no unit
00:00:07.061586 PIIX3 ATA: LUN#1: no unit
00:00:07.061657 DrvVD: Flushes will be ignored
00:00:07.061677 DrvVD: Async flushes will be passed to the disk
00:00:07.061901 VD: Opening the disk took 215150 ns
00:00:07.062134 PIIX3 ATA: LUN#2: CD/DVD, total number of sectors 1017000, passthrough disabled
00:00:07.062178 PIIX3 ATA: LUN#3: no unit
00:00:07.062251 PIIX3 ATA: Ctl#0: finished processing RESET
00:00:07.062278 PIIX3 ATA: Ctl#1: finished processing RESET
00:00:07.062388 E1000#0: Chip=82540EM LinkUpDelay=3000ms EthernetCRC=on GSO=enabled Itr=disabled ItrRx=enabled TID=disabled R0=enabled GC=enabled
00:00:07.078922 NAT: Guest address guess set to 10.0.2.15 by initialization
00:00:07.100042 NAT: DNS#0: 192.168.23.12
00:00:07.101127 AC97: Using codec 'AD1980'
00:00:07.101184 Audio: Initializing DirectSound audio driver
00:00:07.313531 DSound: Capture device currently is unavailable
00:00:07.313552 DSound: Error enumeration capture device 'Primary Sound Capture Driver', rc=VERR_GENERAL_FAILURE
00:00:07.324459 DSound: Capture device currently is unavailable
00:00:07.324477 DSound: Error enumeration capture device 'Primary Sound Capture Driver', rc=VERR_GENERAL_FAILURE
00:00:07.324486 Audio: Found 2 devices for driver 'DSoundAudio'
00:00:07.324491 Audio: Device 'Primary Sound Driver':
00:00:07.324495 Audio: 	Usage           = Output
00:00:07.324498 Audio: 	Flags           = DEFAULT
00:00:07.324501 Audio: 	Input channels  = 0
00:00:07.324505 Audio: 	Output channels = 2
00:00:07.324509 Audio: Device 'Speakers (High Definition Audio Device)':
00:00:07.324512 Audio: 	Usage           = Output
00:00:07.324515 Audio: 	Flags           = NONE
00:00:07.324518 Audio: 	Input channels  = 0
00:00:07.324521 Audio: 	Output channels = 2
00:00:07.324576 AC97: Reset
00:00:07.325140 VUSB: Attached 'HidMouse' to port 1 on RootHub#0 (FullSpeed)
00:00:07.325318 PGM: The CPU physical address width is 39 bits
00:00:07.325326 PGM: PGMR3InitFinalize: 4 MB PSE mask 0000007fffffffff
00:00:07.325496 TM: TMR3InitFinalize: fTSCModeSwitchAllowed=false
00:00:07.326293 VMM: Thread-context hooks unavailable
00:00:07.326300 VMM: RTThreadPreemptIsPending() can be trusted
00:00:07.326316 VMM: Kernel preemption is possible
00:00:07.326493 EM: Exit history optimizations: enabled=true  enabled-r0=true  enabled-r0-no-preemption=false
00:00:07.326541 VMM: fUsePeriodicPreemptionTimers=false
00:00:07.326552 CPUM: Logical host processors: 4 present, 4 max, 4 online, online mask: 000000000000000f
00:00:07.326553 CPUM: Physical host cores: 4
00:00:07.326553 ************************* CPUID dump ************************
00:00:07.326562          Raw Standard CPUID Leaves
00:00:07.326563      Leaf/sub-leaf  eax      ebx      ecx      edx
00:00:07.326566 Gst: 00000000/0000  00000016 756e6547 6c65746e 49656e69
00:00:07.326567 Hst:                00000016 756e6547 6c65746e 49656e69
00:00:07.326570 Gst: 00000001/0000  000506e3 00040800 801a0201 178bfbff
00:00:07.326571 Hst:                000506e3 02100800 fedaf387 bfebfbff
00:00:07.326573 Gst: 00000002/0000  76036301 00f0b6ff 00000000 00c30000
00:00:07.326573 Hst:                76036301 00f0b6ff 00000000 00c30000
00:00:07.326575 Gst: 00000003/0000  00000000 00000000 00000000 00000000
00:00:07.326576 Hst:                00000000 00000000 00000000 00000000
00:00:07.326578 Gst: 00000004/0000  0c000121 01c0003f 0000003f 00000000
00:00:07.326579 Hst:                1c004121 01c0003f 0000003f 00000000
00:00:07.326580 Gst: 00000004/0001  0c000122 01c0003f 0000003f 00000000
00:00:07.326581 Hst:                1c004122 01c0003f 0000003f 00000000
00:00:07.326583 Gst: 00000004/0002  0c000143 00c0003f 000003ff 00000000
00:00:07.326584 Hst:                1c004143 00c0003f 000003ff 00000000
00:00:07.326586 Gst: 00000004/0003  0c000163 02c0003f 00001fff 00000002
00:00:07.326586 Hst:                1c03c163 02c0003f 00001fff 00000002
00:00:07.326588 Gst: 00000004/0004  0c000000 00000000 00000000 00000000
00:00:07.326589 Hst:                00000000 00000000 00000000 00000000
00:00:07.326590 Gst: 00000005/0000  00000000 00000000 00000000 00000000
00:00:07.326591 Hst:                00000000 00000000 00000000 00000000
00:00:07.326593 Gst: 00000006/0000  00000000 00000000 00000000 00000000
00:00:07.326593 Hst:                000007f3 00000002 00000001 00000000
00:00:07.326595 Gst: 00000007/0000  00000000 00002401 00000000 30000000
00:00:07.326596 Hst:                00000000 009c6fbb 00000000 bc000000
00:00:07.326597 Gst: 00000007/0001  00000000 00000000 00000000 00000000
00:00:07.326598 Hst:                00000000 00000000 00000000 00000000
00:00:07.326600 Gst: 00000008/0000  00000000 00000000 00000000 00000000
00:00:07.326600 Hst:                00000000 00000000 00000000 00000000
00:00:07.326602 Gst: 00000009/0000  00000000 00000000 00000000 00000000
00:00:07.326602 Hst:                00000000 00000000 00000000 00000000
00:00:07.326604 Gst: 0000000a/0000  00000000 00000000 00000000 00000000
00:00:07.326604 Hst:                07300804 00000000 00000000 00000603
00:00:07.326606 Gst: 0000000b/0000  00000000 00000001 00000100 00000000
00:00:07.326607 Hst:                00000001 00000001 00000100 00000002
00:00:07.326608 Gst: 0000000b/0001  00000002 00000004 00000201 00000000
00:00:07.326609 Hst:                00000004 00000004 00000201 00000002
00:00:07.326611 Gst: 0000000b/0002  00000000 00000000 00000002 00000000
00:00:07.326611 Hst:                00000000 00000000 00000002 00000002
00:00:07.326613 Gst: 0000000c/0000  00000000 00000000 00000000 00000000
00:00:07.326613 Hst:                00000000 00000000 00000000 00000000
00:00:07.326615 Gst: 0000000d/0000  00000000 00000000 00000000 00000000
00:00:07.326615 Hst:                0000001f 00000440 00000440 00000000
00:00:07.326617 Gst: 0000000d/0001  00000000 00000000 00000000 00000000
00:00:07.326618 Hst:                0000000f 000003c0 00000000 00000000
00:00:07.326619 Gst: 0000000d/0002  00000000 00000000 00000000 00000000
00:00:07.326620 Hst:                00000100 00000240 00000000 00000000
00:00:07.326621 Gst: 0000000d/0003  00000000 00000000 00000000 00000000
00:00:07.326622 Hst:                00000040 000003c0 00000000 00000000
00:00:07.326623 Gst: 0000000d/0004  00000000 00000000 00000000 00000000
00:00:07.326624 Hst:                00000040 00000400 00000000 00000000
00:00:07.326626 Gst: 0000000d/0005  00000000 00000000 00000000 00000000
00:00:07.326626 Hst:                00000000 00000000 00000000 00000000
00:00:07.326761 Gst: 0000000e/0000  00000000 00000000 00000000 00000000
00:00:07.326761 Hst:                00000000 00000000 00000000 00000000
00:00:07.326763 Gst: 0000000f/0000  00000000 00000000 00000000 00000000
00:00:07.326763 Hst:                00000000 00000000 00000000 00000000
00:00:07.326765 Gst: 00000010/0000  00000000 00000000 00000000 00000000
00:00:07.326765 Hst:                00000000 00000000 00000000 00000000
00:00:07.326767 Gst: 00000011/0000  00000000 00000000 00000000 00000000
00:00:07.326767 Hst:                00000000 00000000 00000000 00000000
00:00:07.326769 Gst: 00000012/0000  00000000 00000000 00000000 00000000
00:00:07.326770 Hst:                00000000 00000000 00000000 00000000
00:00:07.326771 Gst: 00000013/0000  00000000 00000000 00000000 00000000
00:00:07.326772 Hst:                00000000 00000000 00000000 00000000
00:00:07.326773 Gst: 00000014/0000  00000000 00000000 00000000 00000000
00:00:07.326774 Hst:                00000000 00000000 00000000 00000000
00:00:07.326775 Gst: 00000015/0000  00000000 00000000 00000000 00000000
00:00:07.326776 Hst:                00000002 0000010a 00000000 00000000
00:00:07.326777 Gst: 00000016/0000  00000000 00000000 00000000 00000000
00:00:07.326778 Hst:                00000000 00000000 00000000 00000000
00:00:07.326778                                Name: GenuineIntel
00:00:07.326779                            Supports: 0x00000000-0x00000016
00:00:07.326782                              Family:  6 	Extended: 0 	Effective: 6
00:00:07.326783                               Model: 14 	Extended: 5 	Effective: 94
00:00:07.326784                            Stepping: 3
00:00:07.326784                                Type: 0 (primary)
00:00:07.326785                             APIC ID: 0x00
00:00:07.326786                        Logical CPUs: 4
00:00:07.326786                        CLFLUSH Size: 8
00:00:07.326787                            Brand ID: 0x00
00:00:07.326789 Features
00:00:07.326789   Mnemonic - Description                                  = guest (host)
00:00:07.326790   FPU - x87 FPU on Chip                                   = 1 (1)
00:00:07.326791   VME - Virtual 8086 Mode Enhancements                    = 1 (1)
00:00:07.326792   DE - Debugging extensions                               = 1 (1)
00:00:07.326792   PSE - Page Size Extension                               = 1 (1)
00:00:07.326793   TSC - Time Stamp Counter                                = 1 (1)
00:00:07.326794   MSR - Model Specific Registers                          = 1 (1)
00:00:07.326794   PAE - Physical Address Extension                        = 1 (1)
00:00:07.326795   MCE - Machine Check Exception                           = 1 (1)
00:00:07.326796   CX8 - CMPXCHG8B instruction                             = 1 (1)
00:00:07.326796   APIC - APIC On-Chip                                     = 1 (1)
00:00:07.326797   SEP - SYSENTER and SYSEXIT Present                      = 1 (1)
00:00:07.326798   MTRR - Memory Type Range Registers                      = 1 (1)
00:00:07.326799   PGE - PTE Global Bit                                    = 1 (1)
00:00:07.326799   MCA - Machine Check Architecture                        = 1 (1)
00:00:07.326800   CMOV - Conditional Move instructions                    = 1 (1)
00:00:07.326801   PAT - Page Attribute Table                              = 1 (1)
00:00:07.326803   PSE-36 - 36-bit Page Size Extension                     = 1 (1)
00:00:07.326804   PSN - Processor Serial Number                           = 0 (0)
00:00:07.326805   CLFSH - CLFLUSH instruction                             = 1 (1)
00:00:07.326805   DS - Debug Store                                        = 0 (1)
00:00:07.326806   ACPI - Thermal Mon. & Soft. Clock Ctrl.                 = 0 (1)
00:00:07.326807   MMX - Intel MMX Technology                              = 1 (1)
00:00:07.326807   FXSR - FXSAVE and FXRSTOR instructions                  = 1 (1)
00:00:07.326808   SSE - SSE support                                       = 1 (1)
00:00:07.326809   SSE2 - SSE2 support                                     = 1 (1)
00:00:07.326809   SS - Self Snoop                                         = 0 (1)
00:00:07.326810   HTT - Hyper-Threading Technology                        = 1 (1)
00:00:07.326811   TM - Therm. Monitor                                     = 0 (1)
00:00:07.326812   PBE - Pending Break Enabled                             = 0 (1)
00:00:07.326812   SSE3 - SSE3 support                                     = 1 (1)
00:00:07.326813   PCLMUL - PCLMULQDQ support (for AES-GCM)                = 0 (1)
00:00:07.326814   DTES64 - DS Area 64-bit Layout                          = 0 (1)
00:00:07.326814   MONITOR - MONITOR/MWAIT instructions                    = 0 (0)
00:00:07.326815   CPL-DS - CPL Qualified Debug Store                      = 0 (0)
00:00:07.326816   VMX - Virtual Machine Extensions                        = 0 (0)
00:00:07.326816   SMX - Safer Mode Extensions                             = 0 (0)
00:00:07.326817   EST - Enhanced SpeedStep Technology                     = 0 (1)
00:00:07.326818   TM2 - Terminal Monitor 2                                = 0 (1)
00:00:07.326818   SSSE3 - Supplemental Streaming SIMD Extensions 3        = 1 (1)
00:00:07.326819   CNTX-ID - L1 Context ID                                 = 0 (0)
00:00:07.326820   SDBG - Silicon Debug interface                          = 0 (0)
00:00:07.326820   FMA - Fused Multiply Add extensions                     = 0 (1)
00:00:07.326821   CX16 - CMPXCHG16B instruction                           = 0 (1)
00:00:07.326822   TPRUPDATE - xTPR Update Control                         = 0 (1)
00:00:07.326822   PDCM - Perf/Debug Capability MSR                        = 0 (1)
00:00:07.326823   PCID - Process Context Identifiers                      = 1 (1)
00:00:07.326824   DCA - Direct Cache Access                               = 0 (0)
00:00:07.326824   SSE4_1 - SSE4_1 support                                 = 1 (1)
00:00:07.326825   SSE4_2 - SSE4_2 support                                 = 1 (1)
00:00:07.326826   X2APIC - x2APIC support                                 = 0 (0)
00:00:07.326826   MOVBE - MOVBE instruction                               = 0 (1)
00:00:07.326827   POPCNT - POPCNT instruction                             = 0 (1)
00:00:07.326828   TSCDEADL - Time Stamp Counter Deadline                  = 0 (0)
00:00:07.326829   AES - AES instructions                                  = 0 (1)
00:00:07.326829   XSAVE - XSAVE instruction                               = 0 (1)
00:00:07.326830   OSXSAVE - OSXSAVE instruction                           = 0 (1)
00:00:07.326831   AVX - AVX support                                       = 0 (1)
00:00:07.326831   F16C - 16-bit floating point conversion instructions    = 0 (1)
00:00:07.326832   RDRAND - RDRAND instruction                             = 0 (1)
00:00:07.326833   HVP - Hypervisor Present (we're a guest)                = 1 (1)
00:00:07.326833 Structured Extended Feature Flags Enumeration (leaf 7):
00:00:07.326835   Mnemonic - Description                                  = guest (host)
00:00:07.326835   FSGSBASE - RDFSBASE/RDGSBASE/WRFSBASE/WRGSBASE instr.   = 1 (1)
00:00:07.326836   TSCADJUST - Supports MSR_IA32_TSC_ADJUST                = 0 (1)
00:00:07.326837   SGX - Supports Software Guard Extensions                = 0 (0)
00:00:07.326837   BMI1 - Advanced Bit Manipulation extension 1            = 0 (1)
00:00:07.326838   HLE - Hardware Lock Elision                             = 0 (1)
00:00:07.326839   AVX2 - Advanced Vector Extensions 2                     = 0 (1)
00:00:07.326839   FDP_EXCPTN_ONLY - FPU DP only updated on exceptions     = 0 (0)
00:00:07.326840   SMEP - Supervisor Mode Execution Prevention             = 0 (1)
00:00:07.326841   BMI2 - Advanced Bit Manipulation extension 2            = 0 (1)
00:00:07.326841   ERMS - Enhanced REP MOVSB/STOSB instructions            = 0 (1)
00:00:07.326842   INVPCID - INVPCID instruction                           = 1 (1)
00:00:07.326842   RTM - Restricted Transactional Memory                   = 0 (1)
00:00:07.326843   PQM - Platform Quality of Service Monitoring            = 0 (0)
00:00:07.326844   DEPFPU_CS_DS - Deprecates FPU CS, FPU DS values if set  = 1 (1)
00:00:07.326844   MPE - Intel Memory Protection Extensions                = 0 (1)
00:00:07.326845   PQE - Platform Quality of Service Enforcement           = 0 (0)
00:00:07.326845   AVX512F - AVX512 Foundation instructions                = 0 (0)
00:00:07.326846   RDSEED - RDSEED instruction                             = 0 (1)
00:00:07.326847   ADX - ADCX/ADOX instructions                            = 0 (1)
00:00:07.326847   SMAP - Supervisor Mode Access Prevention                = 0 (1)
00:00:07.326848   CLFLUSHOPT - CLFLUSHOPT (Cache Line Flush) instruction  = 0 (1)
00:00:07.326849   INTEL_PT - Intel Processor Trace                        = 0 (0)
00:00:07.326849   AVX512PF - AVX512 Prefetch instructions                 = 0 (0)
00:00:07.326850   AVX512ER - AVX512 Exponential & Reciprocal instructions = 0 (0)
00:00:07.326851   AVX512CD - AVX512 Conflict Detection instructions       = 0 (0)
00:00:07.326851   SHA - Secure Hash Algorithm extensions                  = 0 (0)
00:00:07.326852   PREFETCHWT1 - PREFETCHWT1 instruction                   = 0 (0)
00:00:07.326853   UMIP - User mode insturction prevention                 = 0 (0)
00:00:07.326853   PKU - Protection Key for Usermode pages                 = 0 (0)
00:00:07.326856   OSPKE - CR4.PKU mirror                                  = 0 (0)
00:00:07.326856   MAWAU - Value used by BNDLDX & BNDSTX                   = 0x0 (0x0)
00:00:07.326857   RDPID - Read processor ID support                       = 0 (0)
00:00:07.326858   SGX_LC - Supports SGX Launch Configuration              = 0 (0)
00:00:07.326859   MD_CLEAR - Supports MDS related buffer clearing         = 0 (0)
00:00:07.326859   IBRS_IBPB - IA32_SPEC_CTRL.IBRS and IA32_PRED_CMD.IBPB  = 0 (1)
00:00:07.326860   STIBP - Supports IA32_SPEC_CTRL.STIBP                   = 0 (1)
00:00:07.326860   FLUSH_CMD - Supports IA32_FLUSH_CMD                     = 1 (1)
00:00:07.326861   ARCHCAP - Supports IA32_ARCH_CAP                        = 1 (1)
00:00:07.326862   31 - Reserved                                           = 0 (1)
00:00:07.326864 Processor Extended State Enumeration (leaf 0xd):
00:00:07.326865    XSAVE area cur/max size by XCR0, guest: 0x0/0x0
00:00:07.326866     XSAVE area cur/max size by XCR0, host: 0x440/0x440
00:00:07.326867                    Valid XCR0 bits, guest: 0x00000000`00000000
00:00:07.326867                     Valid XCR0 bits, host: 0x00000000`0000001f ( x87 SSE YMM_Hi128 BNDREGS BNDCSR )
00:00:07.326871                     XSAVE features, guest:
00:00:07.326871                      XSAVE features, host: XSAVEOPT XSAVEC XGETBC1 XSAVES
00:00:07.326872       XSAVE area cur size XCR0|XSS, guest: 0x0
00:00:07.326873        XSAVE area cur size XCR0|XSS, host: 0x3c0
00:00:07.326873                Valid IA32_XSS bits, guest: 0x00000000`00000000
00:00:07.326874                 Valid IA32_XSS bits, host: 0x00000000`00000000
00:00:07.326876   State #2, host:  off=0x0240, cb=0x0100 IA32_XSS-bit -- YMM_Hi128
00:00:07.326878   State #3, host:  off=0x03c0, cb=0x0040 IA32_XSS-bit -- BNDREGS
00:00:07.326880   State #4, host:  off=0x0400, cb=0x0040 IA32_XSS-bit -- BNDCSR
00:00:07.326947          Raw Hypervisor CPUID Leaves
00:00:07.326947      Leaf/sub-leaf  eax      ebx      ecx      edx
00:00:07.326949 Gst: 40000000/0000  40000001 4b4d564b 564b4d56 0000004d
00:00:07.326950 Hst:                4000000a 7263694d 666f736f 76482074
00:00:07.326952 Gst: 40000001/0000  01000089 00000000 00000000 00000000
00:00:07.326952 Hst:                31237648 00000000 00000000 00000000
00:00:07.326954          Raw Extended CPUID Leaves
00:00:07.326954      Leaf/sub-leaf  eax      ebx      ecx      edx
00:00:07.326956 Gst: 80000000/0000  80000008 00000000 00000000 00000000
00:00:07.326957 Hst:                80000008 00000000 00000000 00000000
00:00:07.326958 Gst: 80000001/0000  00000000 00000000 00000001 28100800
00:00:07.326959 Hst:                00000000 00000000 00000121 2c100800
00:00:07.326961 Gst: 80000002/0000  65746e49 2952286c 726f4320 4d542865
00:00:07.326962 Hst:                65746e49 2952286c 726f4320 4d542865
00:00:07.326964 Gst: 80000003/0000  35692029 3035362d 50432030 20402055
00:00:07.326964 Hst:                35692029 3035362d 50432030 20402055
00:00:07.326966 Gst: 80000004/0000  30322e33 007a4847 00000000 00000000
00:00:07.326967 Hst:                30322e33 007a4847 00000000 00000000
00:00:07.326969 Gst: 80000005/0000  00000000 00000000 00000000 00000000
00:00:07.326969 Hst:                00000000 00000000 00000000 00000000
00:00:07.326971 Gst: 80000006/0000  00000000 00000000 01006040 00000000
00:00:07.326972 Hst:                00000000 00000000 01006040 00000000
00:00:07.326973 Gst: 80000007/0000  00000000 00000000 00000000 00000100
00:00:07.326974 Hst:                00000000 00000000 00000000 00000100
00:00:07.326976 Gst: 80000008/0000  00003027 00000000 00000000 00000000
00:00:07.326976 Hst:                00003027 00000000 00000000 00000000
00:00:07.326977 Ext Name:                        
00:00:07.326977 Ext Supports:                    0x80000000-0x80000008
00:00:07.326978 Family:                          0  	Extended: 0 	Effective: 0
00:00:07.326978 Model:                           0  	Extended: 0 	Effective: 0
00:00:07.326979 Stepping:                        0
00:00:07.326979 Brand ID:                        0x000
00:00:07.326981 Ext Features
00:00:07.326981   Mnemonic - Description                                  = guest (host)
00:00:07.326981   FPU - x87 FPU on Chip                                   = 0 (0)
00:00:07.326982   VME - Virtual 8086 Mode Enhancements                    = 0 (0)
00:00:07.326983   DE - Debugging extensions                               = 0 (0)
00:00:07.326984   PSE - Page Size Extension                               = 0 (0)
00:00:07.326984   TSC - Time Stamp Counter                                = 0 (0)
00:00:07.326985   MSR - K86 Model Specific Registers                      = 0 (0)
00:00:07.326986   PAE - Physical Address Extension                        = 0 (0)
00:00:07.326986   MCE - Machine Check Exception                           = 0 (0)
00:00:07.326987   CX8 - CMPXCHG8B instruction                             = 0 (0)
00:00:07.326988   APIC - APIC On-Chip                                     = 0 (0)
00:00:07.326988   SEP - SYSCALL/SYSRET                                    = 1 (1)
00:00:07.326989   MTRR - Memory Type Range Registers                      = 0 (0)
00:00:07.326990   PGE - PTE Global Bit                                    = 0 (0)
00:00:07.326991   MCA - Machine Check Architecture                        = 0 (0)
00:00:07.326991   CMOV - Conditional Move instructions                    = 0 (0)
00:00:07.326992   PAT - Page Attribute Table                              = 0 (0)
00:00:07.326993   PSE-36 - 36-bit Page Size Extension                     = 0 (0)
00:00:07.326993   NX - No-Execute/Execute-Disable                         = 1 (1)
00:00:07.326994   AXMMX - AMD Extensions to MMX instructions              = 0 (0)
00:00:07.326994   MMX - Intel MMX Technology                              = 0 (0)
00:00:07.326995   FXSR - FXSAVE and FXRSTOR Instructions                  = 0 (0)
00:00:07.326996   FFXSR - AMD fast FXSAVE and FXRSTOR instructions        = 0 (0)
00:00:07.326996   Page1GB - 1 GB large page                               = 0 (1)
00:00:07.326997   RDTSCP - RDTSCP instruction                             = 1 (1)
00:00:07.326998   LM - AMD64 Long Mode                                    = 1 (1)
00:00:07.326999   3DNOWEXT - AMD Extensions to 3DNow                      = 0 (0)
00:00:07.326999   3DNOW - AMD 3DNow                                       = 0 (0)
00:00:07.327000   LahfSahf - LAHF/SAHF support in 64-bit mode             = 1 (1)
00:00:07.327001   CmpLegacy - Core multi-processing legacy mode           = 0 (0)
00:00:07.327001   SVM - AMD Secure Virtual Machine extensions             = 0 (0)
00:00:07.327002   EXTAPIC - AMD Extended APIC registers                   = 0 (0)
00:00:07.327003   CR8L - AMD LOCK MOV CR0 means MOV CR8                   = 0 (0)
00:00:07.327003   ABM - AMD Advanced Bit Manipulation                     = 0 (1)
00:00:07.327004   SSE4A - SSE4A instructions                              = 0 (0)
00:00:07.327005   MISALIGNSSE - AMD Misaligned SSE mode                   = 0 (0)
00:00:07.327005   3DNOWPRF - AMD PREFETCH and PREFETCHW instructions      = 0 (1)
00:00:07.327006   OSVW - AMD OS Visible Workaround                        = 0 (0)
00:00:07.327006   IBS - Instruct Based Sampling                           = 0 (0)
00:00:07.327007   XOP - Extended Operation support                        = 0 (0)
00:00:07.327008   SKINIT - SKINIT, STGI, and DEV support                  = 0 (0)
00:00:07.327008   WDT - AMD Watchdog Timer support                        = 0 (0)
00:00:07.327009   LWP - Lightweight Profiling support                     = 0 (0)
00:00:07.327010   FMA4 - Four operand FMA instruction support             = 0 (0)
00:00:07.327010   NodeId - NodeId in MSR C001_100C                        = 0 (0)
00:00:07.327011   TBM - Trailing Bit Manipulation instructions            = 0 (0)
00:00:07.327012   TOPOEXT - Topology Extensions                           = 0 (0)
00:00:07.327012   PRFEXTCORE - Performance Counter Extensions support     = 0 (0)
00:00:07.327013   PRFEXTNB - NB Performance Counter Extensions support    = 0 (0)
00:00:07.327013   DATABPEXT - Data-access Breakpoint Extension            = 0 (0)
00:00:07.327014   PERFTSC - Performance Time Stamp Counter                = 0 (0)
00:00:07.327015 Full Name:                       "Intel(R) Core(TM) i5-6500 CPU @ 3.20GHz"
00:00:07.327016 TLB 2/4M Instr/Uni:              res0     0 entries
00:00:07.327016 TLB 2/4M Data:                   res0     0 entries
00:00:07.327017 TLB 4K Instr/Uni:                res0     0 entries
00:00:07.327017 TLB 4K Data:                     res0     0 entries
00:00:07.327017 L1 Instr Cache Line Size:        0 bytes
00:00:07.327018 L1 Instr Cache Lines Per Tag:    0
00:00:07.327018 L1 Instr Cache Associativity:    res0  
00:00:07.327018 L1 Instr Cache Size:             0 KB
00:00:07.327019 L1 Data Cache Line Size:         0 bytes
00:00:07.327019 L1 Data Cache Lines Per Tag:     0
00:00:07.327019 L1 Data Cache Associativity:     res0  
00:00:07.327020 L1 Data Cache Size:              0 KB
00:00:07.327020 L2 TLB 2/4M Instr/Uni:           off       0 entries
00:00:07.327020 L2 TLB 2/4M Data:                off       0 entries
00:00:07.327021 L2 TLB 4K Instr/Uni:             off       0 entries
00:00:07.327021 L2 TLB 4K Data:                  off       0 entries
00:00:07.327022 L2 Cache Line Size:              0 bytes
00:00:07.327022 L2 Cache Lines Per Tag:          0
00:00:07.327022 L2 Cache Associativity:          off   
00:00:07.327022 L2 Cache Size:                   0 KB
00:00:07.327024   TS - Temperature Sensor                                 = 0 (0)
00:00:07.327025   FID - Frequency ID control                              = 0 (0)
00:00:07.327026   VID - Voltage ID control                                = 0 (0)
00:00:07.327026   TscInvariant - Invariant Time Stamp Counter             = 1 (1)
00:00:07.327027   CBP - Core Performance Boost                            = 0 (0)
00:00:07.327028   EffFreqRO - Read-only Effective Frequency Interface     = 0 (0)
00:00:07.327028   ProcFdbkIf - Processor Feedback Interface               = 0 (0)
00:00:07.327029   ProcPwrRep - Core power reporting interface support     = 0 (0)
00:00:07.327031 Physical Address Width:          39 bits
00:00:07.327031 Virtual Address Width:           48 bits
00:00:07.327032 Guest Physical Address Width:    0 bits
00:00:07.327032 Physical Core Count:             1
00:00:07.327034 
00:00:07.327034 ******************** End of CPUID dump **********************
00:00:07.327080 PcBios: SATA LUN#0 LCHS=1024/255/63
00:00:07.327116 APIC: fPostedIntrsEnabled=false fVirtApicRegsEnabled=false fSupportsTscDeadline=false
00:00:07.327123 TMR3UtcNow: nsNow=1 568 648 892 659 944 600 nsPrev=0 -> cNsDelta=1 568 648 892 659 944 600 (offLag=0 offVirtualSync=0 offVirtualSyncGivenUp=0, NowAgain=1 568 648 892 659 944 600)
00:00:07.327132 VMEmt: Halt method global1 (5)
00:00:07.327217 VMEmt: HaltedGlobal1 config: cNsSpinBlockThresholdCfg=50000
00:00:07.327313 Changing the VM state from 'CREATING' to 'CREATED'
00:00:07.328512 Changing the VM state from 'CREATED' to 'POWERING_ON'
00:00:07.695657 
00:00:07.695659 D3D device caps: DevCaps2:
00:00:07.695659  - D3DDEVCAPS2_CAN_STRETCHRECT_FROM_TEXTURES
00:00:07.695660  - D3DDEVCAPS2_STREAMOFFSET
00:00:07.695660  - D3DDEVCAPS2_VERTEXELEMENTSCANSHARESTREAMOFFSET
00:00:07.695660 
00:00:07.695660 Caps2:
00:00:07.695661  - D3DCAPS2_CANAUTOGENMIPMAP
00:00:07.695661  - D3DCAPS2_CANSHARERESOURCE
00:00:07.695661  - D3DCAPS2_DYNAMICTEXTURES
00:00:07.695662  - D3DCAPS2_FULLSCREENGAMMA
00:00:07.695662 
00:00:07.695662 Caps3:
00:00:07.695662  - D3DCAPS3_ALPHA_FULLSCREEN_FLIP_OR_DISCARD
00:00:07.695663  - D3DCAPS3_COPY_TO_VIDMEM
00:00:07.695663  - D3DCAPS3_COPY_TO_SYSTEMMEM
00:00:07.695663  - D3DCAPS3_DXVAHD
00:00:07.695663  - D3DCAPS3_LINEAR_TO_SRGB_PRESENTATION
00:00:07.695664 
00:00:07.695664 PresentationIntervals:
00:00:07.695664  - D3DPRESENT_INTERVAL_IMMEDIATE
00:00:07.695664  - D3DPRESENT_INTERVAL_ONE
00:00:07.695676  - D3DPRESENT_INTERVAL_TWO
00:00:07.695677  - D3DPRESENT_INTERVAL_THREE
00:00:07.695677  - D3DPRESENT_INTERVAL_FOUR
00:00:07.695677 
00:00:07.695677 Devcaps:
00:00:07.695678  - D3DDEVCAPS_CANBLTSYSTONONLOCAL
00:00:07.695678  - D3DDEVCAPS_CANRENDERAFTERFLIP
00:00:07.695678  - D3DDEVCAPS_DRAWPRIMITIVES2
00:00:07.695678  - D3DDEVCAPS_DRAWPRIMITIVES2EX
00:00:07.695679  - D3DDEVCAPS_DRAWPRIMTLVERTEX
00:00:07.695679  - D3DDEVCAPS_EXECUTESYSTEMMEMORY
00:00:07.695679  - D3DDEVCAPS_EXECUTEVIDEOMEMORY
00:00:07.695679  - D3DDEVCAPS_HWRASTERIZATION
00:00:07.695680  - D3DDEVCAPS_HWTRANSFORMANDLIGHT
00:00:07.695680  - D3DDEVCAPS_PUREDEVICE
00:00:07.695680  - D3DDEVCAPS_TEXTURENONLOCALVIDMEM
00:00:07.695681  - D3DDEVCAPS_TEXTUREVIDEOMEMORY
00:00:07.695681  - D3DDEVCAPS_TLVERTEXSYSTEMMEMORY
00:00:07.695681  - D3DDEVCAPS_TLVERTEXVIDEOMEMORY
00:00:07.695682 
00:00:07.695682 TextureCaps:
00:00:07.695682  - D3DPTEXTURECAPS_ALPHA
00:00:07.695682  - D3DPTEXTURECAPS_ALPHAPALETTE
00:00:07.695682  - D3DPTEXTURECAPS_CUBEMAP
00:00:07.695683  - D3DPTEXTURECAPS_MIPCUBEMAP
00:00:07.695683  - D3DPTEXTURECAPS_MIPMAP
00:00:07.695683  - D3DPTEXTURECAPS_MIPVOLUMEMAP
00:00:07.695684  - D3DPTEXTURECAPS_PERSPECTIVE
00:00:07.695684  - D3DPTEXTURECAPS_PROJECTED
00:00:07.695684  - D3DPTEXTURECAPS_TEXREPEATNOTSCALEDBYSIZE
00:00:07.695684  - D3DPTEXTURECAPS_VOLUMEMAP
00:00:07.695685 
00:00:07.695685 TextureFilterCaps
00:00:07.695685  - D3DPTFILTERCAPS_MAGFPOINT
00:00:07.695685  - D3DPTFILTERCAPS_MAGFLINEAR
00:00:07.695686  - D3DPTFILTERCAPS_MINFPOINT
00:00:07.695686  - D3DPTFILTERCAPS_MINFLINEAR
00:00:07.695686  - D3DPTFILTERCAPS_MINFANISOTROPIC
00:00:07.695686  - D3DPTFILTERCAPS_MIPFPOINT
00:00:07.695687  - D3DPTFILTERCAPS_MIPFLINEAR
00:00:07.695687 
00:00:07.695687 CubeTextureFilterCaps
00:00:07.695687  - D3DPTFILTERCAPS_MAGFPOINT
00:00:07.695688  - D3DPTFILTERCAPS_MAGFLINEAR
00:00:07.695688  - D3DPTFILTERCAPS_MINFPOINT
00:00:07.695688  - D3DPTFILTERCAPS_MINFLINEAR
00:00:07.695688  - D3DPTFILTERCAPS_MIPFPOINT
00:00:07.695689  - D3DPTFILTERCAPS_MIPFLINEAR
00:00:07.695689 
00:00:07.695689 VolumeTextureFilterCaps
00:00:07.695689  - D3DPTFILTERCAPS_MAGFPOINT
00:00:07.695690  - D3DPTFILTERCAPS_MAGFLINEAR
00:00:07.695690  - D3DPTFILTERCAPS_MINFPOINT
00:00:07.695690  - D3DPTFILTERCAPS_MINFLINEAR
00:00:07.695690  - D3DPTFILTERCAPS_MIPFPOINT
00:00:07.695691  - D3DPTFILTERCAPS_MIPFLINEAR
00:00:07.695691 
00:00:07.695691 TextureAddressCaps:
00:00:07.695691  - D3DPTADDRESSCAPS_BORDER
00:00:07.695692  - D3DPTADDRESSCAPS_CLAMP
00:00:07.695692  - D3DPTADDRESSCAPS_INDEPENDENTUV
00:00:07.695692  - D3DPTADDRESSCAPS_MIRROR
00:00:07.695693  - D3DPTADDRESSCAPS_MIRRORONCE
00:00:07.695693  - D3DPTADDRESSCAPS_WRAP
00:00:07.695693 
00:00:07.695693 TextureOpCaps:
00:00:07.695694  - D3DTEXOPCAPS_DISABLE
00:00:07.695694  - D3DTEXOPCAPS_SELECTARG1
00:00:07.695694  - D3DTEXOPCAPS_SELECTARG2
00:00:07.695694  - D3DTEXOPCAPS_MODULATE
00:00:07.695695  - D3DTEXOPCAPS_MODULATE2X
00:00:07.695695  - D3DTEXOPCAPS_MODULATE4X
00:00:07.695695  - D3DTEXOPCAPS_ADD
00:00:07.695695  - D3DTEXOPCAPS_ADDSIGNED
00:00:07.695696  - D3DTEXOPCAPS_ADDSIGNED2X
00:00:07.695696  - D3DTEXOPCAPS_SUBTRACT
00:00:07.695696  - D3DTEXOPCAPS_ADDSMOOTH
00:00:07.695696  - D3DTEXOPCAPS_BLENDDIFFUSEALPHA
00:00:07.695697  - D3DTEXOPCAPS_BLENDTEXTUREALPHA
00:00:07.695697  - D3DTEXOPCAPS_BLENDFACTORALPHA
00:00:07.695697  - D3DTEXOPCAPS_BLENDTEXTUREALPHAPM
00:00:07.695697  - D3DTEXOPCAPS_BLENDCURRENTALPHA
00:00:07.695698  - D3DTEXOPCAPS_MODULATEALPHA_ADDCOLOR
00:00:07.695698  - D3DTEXOPCAPS_MODULATECOLOR_ADDALPHA
00:00:07.695698  - D3DTEXOPCAPS_MODULATEINVALPHA_ADDCOLOR
00:00:07.695699  - D3DTEXOPCAPS_MODULATEINVCOLOR_ADDALPHA
00:00:07.695699  - D3DTEXOPCAPS_BUMPENVMAP
00:00:07.695699  - D3DTEXOPCAPS_BUMPENVMAPLUMINANCE
00:00:07.695699  - D3DTEXOPCAPS_DOTPRODUCT3
00:00:07.695700  - D3DTEXOPCAPS_MULTIPLYADD
00:00:07.695700  - D3DTEXOPCAPS_LERP
00:00:07.695700 
00:00:07.695701 PixelShaderVersion:  0xffff0300 (3.0)
00:00:07.695702 VertexShaderVersion: 0xfffe0300 (3.0)
00:00:07.695702 
00:00:07.695740 VMSVGA3d: cap[0]=0x00000001 {3D}
00:00:07.695740 VMSVGA3d: cap[1]=0x00000008 {MAX_LIGHTS}
00:00:07.695741 VMSVGA3d: cap[2]=0x00000008 {MAX_TEXTURES}
00:00:07.695741 VMSVGA3d: cap[3]=0x00000008 {MAX_CLIP_PLANES}
00:00:07.695742 VMSVGA3d: cap[4]=0x00000007 {VERTEX_SHADER_VERSION}
00:00:07.695742 VMSVGA3d: cap[5]=0x00000001 {VERTEX_SHADER}
00:00:07.695743 VMSVGA3d: cap[6]=0x0000000d {FRAGMENT_SHADER_VERSION}
00:00:07.695743 VMSVGA3d: cap[7]=0x00000001 {FRAGMENT_SHADER}
00:00:07.695744 VMSVGA3d: cap[8]=0x00000004 {MAX_RENDER_TARGETS}
00:00:07.695744 VMSVGA3d: cap[9]=failed rc=VERR_INVALID_PARAMETER! {S23E8_TEXTURES}
00:00:07.695746 VMSVGA3d: cap[10]=failed rc=VERR_INVALID_PARAMETER! {S10E5_TEXTURES}
00:00:07.695747 VMSVGA3d: cap[11]=0x00000000 {MAX_FIXED_VERTEXBLEND}
00:00:07.695747 VMSVGA3d: cap[12]=0x00000001 {D16_BUFFER_FORMAT}
00:00:07.695747 VMSVGA3d: cap[13]=0x00000001 {D24S8_BUFFER_FORMAT}
00:00:07.695748 VMSVGA3d: cap[14]=0x00000001 {D24X8_BUFFER_FORMAT}
00:00:07.695748 VMSVGA3d: cap[15]=0x00000000 {QUERY_TYPES}
00:00:07.695749 VMSVGA3d: cap[16]=0x00000000 {TEXTURE_GRADIENT_SAMPLING}
00:00:07.695749 VMSVGA3d: cap[17]=8192.0000 {MAX_POINT_SIZE}
00:00:07.695750 VMSVGA3d: cap[18]=failed rc=VERR_INVALID_PARAMETER! {MAX_SHADER_TEXTURES}
00:00:07.695751 VMSVGA3d: cap[19]=0x00004000 {MAX_TEXTURE_WIDTH}
00:00:07.695751 VMSVGA3d: cap[20]=0x00004000 {MAX_TEXTURE_HEIGHT}
00:00:07.695752 VMSVGA3d: cap[21]=0x00000800 {MAX_VOLUME_EXTENT}
00:00:07.695752 VMSVGA3d: cap[22]=0x00002000 {MAX_TEXTURE_REPEAT}
00:00:07.695753 VMSVGA3d: cap[23]=0x00004000 {MAX_TEXTURE_ASPECT_RATIO}
00:00:07.695753 VMSVGA3d: cap[24]=0x00000010 {MAX_TEXTURE_ANISOTROPY}
00:00:07.695754 VMSVGA3d: cap[25]=0x00ffffff {MAX_PRIMITIVE_COUNT}
00:00:07.695754 VMSVGA3d: cap[26]=0x00ffffff {MAX_VERTEX_INDEX}
00:00:07.695755 VMSVGA3d: cap[27]=0x00001000 {MAX_VERTEX_SHADER_INSTRUCTIONS}
00:00:07.695755 VMSVGA3d: cap[28]=0x00001000 {MAX_FRAGMENT_SHADER_INSTRUCTIONS}
00:00:07.695756 VMSVGA3d: cap[29]=0x00000020 {MAX_VERTEX_SHADER_TEMPS}
00:00:07.695756 VMSVGA3d: cap[30]=0x00000020 {MAX_FRAGMENT_SHADER_TEMPS}
00:00:07.695756 VMSVGA3d: cap[31]=0x00000000 {TEXTURE_OPS}
00:00:07.695764 VMSVGA3d: cap[32]=0x0058ec1f {SURFACEFMT_X8R8G8B8}
00:00:07.695766 VMSVGA3d: cap[33]=0x00d8e11f {SURFACEFMT_A8R8G8B8}
00:00:07.695768 VMSVGA3d: cap[34]=0x0048611f {SURFACEFMT_A2R10G10B10}
00:00:07.695770 VMSVGA3d: cap[35]=0x0048ec1f {SURFACEFMT_X1R5G5B5}
00:00:07.695771 VMSVGA3d: cap[36]=0x0008e107 {SURFACEFMT_A1R5G5B5}
00:00:07.695773 VMSVGA3d: cap[37]=0x0008e107 {SURFACEFMT_A4R4G4B4}
00:00:07.695774 VMSVGA3d: cap[38]=0x0008ec07 {SURFACEFMT_R5G6B5}
00:00:07.695776 VMSVGA3d: cap[39]=0x0040001f {SURFACEFMT_LUMINANCE16}
00:00:07.695778 VMSVGA3d: cap[40]=0x00008007 {SURFACEFMT_LUMINANCE8_ALPHA8}
00:00:07.695779 VMSVGA3d: cap[41]=0x0000001f {SURFACEFMT_ALPHA8}
00:00:07.695781 VMSVGA3d: cap[42]=0x0040801f {SURFACEFMT_LUMINANCE8}
00:00:07.695782 VMSVGA3d: cap[43]=0x000000c1 {SURFACEFMT_Z_D16}
00:00:07.695782 VMSVGA3d: cap[44]=0x000000c1 {SURFACEFMT_Z_D24S8}
00:00:07.695783 VMSVGA3d: cap[45]=0x000000c1 {SURFACEFMT_Z_D24X8}
00:00:07.695784 VMSVGA3d: cap[46]=0x00008007 {SURFACEFMT_DXT1}
00:00:07.695786 VMSVGA3d: cap[47]=0x00008007 {SURFACEFMT_DXT2}
00:00:07.695787 VMSVGA3d: cap[48]=0x00008007 {SURFACEFMT_DXT3}
00:00:07.695789 VMSVGA3d: cap[49]=0x00008007 {SURFACEFMT_DXT4}
00:00:07.695790 VMSVGA3d: cap[50]=0x00008007 {SURFACEFMT_DXT5}
00:00:07.695792 VMSVGA3d: cap[51]=0x00010001 {SURFACEFMT_BUMPX8L8V8U8}
00:00:07.695793 VMSVGA3d: cap[52]=0x00000000 {SURFACEFMT_A2W10V10U10}
00:00:07.695795 VMSVGA3d: cap[53]=0x00010001 {SURFACEFMT_BUMPU8V8}
00:00:07.695797 VMSVGA3d: cap[54]=0x00000005 {SURFACEFMT_Q8W8V8U8}
00:00:07.695798 VMSVGA3d: cap[55]=0x00000000 {SURFACEFMT_CxV8U8}
00:00:07.695800 VMSVGA3d: cap[56]=0x00c0401f {SURFACEFMT_R_S10E5}
00:00:07.695801 VMSVGA3d: cap[57]=0x00c0401f {SURFACEFMT_R_S23E8}
00:00:07.695803 VMSVGA3d: cap[58]=0x00c0401f {SURFACEFMT_RG_S10E5}
00:00:07.695804 VMSVGA3d: cap[59]=0x00c0401f {SURFACEFMT_RG_S23E8}
00:00:07.695806 VMSVGA3d: cap[60]=0x00c0401f {SURFACEFMT_ARGB_S10E5}
00:00:07.695808 VMSVGA3d: cap[61]=0x00c0401f {SURFACEFMT_ARGB_S23E8}
00:00:07.695808 VMSVGA3d: cap[62]=failed rc=VERR_INVALID_PARAMETER! {MISSING62}
00:00:07.695809 VMSVGA3d: cap[63]=0x00000000 {MAX_VERTEX_SHADER_TEXTURES}
00:00:07.695809 VMSVGA3d: cap[64]=0x00000004 {MAX_SIMULTANEOUS_RENDER_TARGETS}
00:00:07.695811 VMSVGA3d: cap[65]=0x00000007 {SURFACEFMT_V16U16}
00:00:07.695813 VMSVGA3d: cap[66]=0x0040401f {SURFACEFMT_G16R16}
00:00:07.695814 VMSVGA3d: cap[67]=0x0040401f {SURFACEFMT_A16B16G16R16}
00:00:07.695816 VMSVGA3d: cap[68]=0x01244000 {SURFACEFMT_UYVY}
00:00:07.695818 VMSVGA3d: cap[69]=0x01244000 {SURFACEFMT_YUY2}
00:00:07.695818 VMSVGA3d: cap[70]=0x00000000 {MULTISAMPLE_NONMASKABLESAMPLES}
00:00:07.695819 VMSVGA3d: cap[71]=0x00000000 {MULTISAMPLE_MASKABLESAMPLES}
00:00:07.695819 VMSVGA3d: cap[72]=0x00000000 {ALPHATOCOVERAGE}
00:00:07.695820 VMSVGA3d: cap[73]=0x00000000 {SUPERSAMPLE}
00:00:07.695820 VMSVGA3d: cap[74]=0x00000001 {AUTOGENMIPMAPS}
00:00:07.695833 VMSVGA3d: cap[75]=0x01244000 {SURFACEFMT_NV12}
00:00:07.695835 VMSVGA3d: cap[76]=0x01244000 {SURFACEFMT_AYUV}
00:00:07.695835 VMSVGA3d: cap[77]=0x00000100 {MAX_CONTEXT_IDS}
00:00:07.695836 VMSVGA3d: cap[78]=0x00008000 {MAX_SURFACE_IDS}
00:00:07.695836 VMSVGA3d: cap[79]=0x00000000 {SURFACEFMT_Z_DF16}
00:00:07.695837 VMSVGA3d: cap[80]=0x00000000 {SURFACEFMT_Z_DF24}
00:00:07.695837 VMSVGA3d: cap[81]=0x000000c1 {SURFACEFMT_Z_D24S8_INT}
00:00:07.695838 VMSVGA3d: cap[82]=failed rc=VERR_INVALID_PARAMETER! {SURFACEFMT_BC4_UNORM}
00:00:07.695838 VMSVGA3d: cap[83]=failed rc=VERR_INVALID_PARAMETER! {SURFACEFMT_BC5_UNORM}
00:00:07.695848 AIOMgr: Endpoints without assigned bandwidth groups:
00:00:07.695859 AIOMgr:     C:\Users\arnau.tarrago\Documents\ReposGithub\Virtual Machines\LinuxUbuntu\LinuxUbuntu.vdi
00:00:07.696200 Changing the VM state from 'POWERING_ON' to 'RUNNING'
00:00:07.696227 Console: Machine state changed to 'Running'
00:00:07.705139 VMMDev: Guest Log: BIOS: VirtualBox 6.0.10
00:00:07.705467 PCI: Setting up resources and interrupts
00:00:07.821493 ERROR [COM]: aRC=VBOX_E_VM_ERROR (0x80bb0003) aIID={ab4164db-c13e-4dab-842d-61ee3f0c1e87} aComponent={DisplayWrap} aText={Could not take a screenshot (VERR_NOT_SUPPORTED)}, preserve=false aResultDetail=-37
00:00:07.821755 PIT: mode=2 count=0x10000 (65536) - 18.20 Hz (ch=0)
00:00:07.847398 Display::i_handleDisplayResize: uScreenId=0 pvVRAM=0000000000000000 w=720 h=400 bpp=0 cbLine=0x0 flags=0x0 origin=0,0
00:00:07.870920 VMMDev: Guest Log: CPUID EDX: 0x178bfbff
00:00:07.871817 PIIX3 ATA: Ctl#1: RESET, DevSel=0 AIOIf=0 CmdIf0=0x00 (-1 usec ago) CmdIf1=0x00 (-1 usec ago)
00:00:07.871962 PIIX3 ATA: Ctl#1: finished processing RESET
00:00:07.907820 AHCI#0: Reset the HBA
00:00:07.907829 VD#0: Cancelling all active requests
00:00:07.908479 AHCI#0: Port 0 reset
00:00:07.908590 VD#0: Cancelling all active requests
00:00:07.911663 VMMDev: Guest Log: BIOS: AHCI 0-P#0: PCHS=16383/16/63 LCHS=1024/255/63 0x0000000002800000 sectors
00:00:07.921817 PIT: mode=2 count=0x48d3 (18643) - 64.00 Hz (ch=0)
00:00:07.933322 Display::i_handleDisplayResize: uScreenId=0 pvVRAM=0000000010500000 w=640 h=480 bpp=32 cbLine=0xA00 flags=0x0 origin=0,0
00:00:08.196874 GUI: UIMachineViewNormal::resendSizeHint: Restoring guest size-hint for screen 0 to 800x600
00:00:08.196902 VMMDev: SetVideoModeHint: Got a video mode hint (800x600x32)@(0x0),(1;0) at 0
00:00:08.205035 GUI: 2D video acceleration is disabled
00:00:08.205051 GUI: HID LEDs sync is enabled
00:00:08.218188 GUI: UIMachineLogicNormal::sltCheckForRequestedVisualStateType: Requested-state=0, Machine-state=5
00:00:10.406230 Display::i_handleDisplayResize: uScreenId=0 pvVRAM=0000000000000000 w=720 h=400 bpp=0 cbLine=0x0 flags=0x0 origin=0,0
00:00:10.432515 PIT: mode=2 count=0x10000 (65536) - 18.20 Hz (ch=0)
00:00:10.434183 VMMDev: Guest Log: BIOS: Boot : bseqnr=1, bootseq=0231
00:00:10.435369 VMMDev: Guest Log: BIOS: Boot from Floppy 0 failed
00:00:10.437563 VMMDev: Guest Log: BIOS: Boot : bseqnr=2, bootseq=0023
00:00:10.440352 VMMDev: Guest Log: BIOS: Booting from CD-ROM...
00:00:10.621098 Display::i_handleDisplayResize: uScreenId=0 pvVRAM=0000000010500000 w=640 h=480 bpp=16 cbLine=0x500 flags=0x0 origin=0,0
